Using Spark's default log4j profile: org/apache/spark/log4j-defaults.properties
18/11/08 18:21:45 INFO SparkContext: Running Spark version 1.5.2
18/11/08 18:21:45 WARN NativeCodeLoader: Unable to load native-hadoop library for your platform... using builtin-java classes where applicable
18/11/08 18:21:46 INFO SecurityManager: Changing view acls to: vsk4762
18/11/08 18:21:46 INFO SecurityManager: Changing modify acls to: vsk4762
18/11/08 18:21:46 INFO SecurityManager: SecurityManager: authentication disabled; ui acls disabled; users with view permissions: Set(vsk4762); users with modify permissions: Set(vsk4762)
18/11/08 18:21:46 INFO Slf4jLogger: Slf4jLogger started
18/11/08 18:21:46 INFO Remoting: Starting remoting
18/11/08 18:21:47 INFO Remoting: Remoting started; listening on addresses :[akka.tcp://sparkDriver@198.202.118.125:44321]
18/11/08 18:21:47 INFO Utils: Successfully started service 'sparkDriver' on port 44321.
18/11/08 18:21:47 INFO SparkEnv: Registering MapOutputTracker
18/11/08 18:21:47 INFO SparkEnv: Registering BlockManagerMaster
18/11/08 18:21:47 INFO DiskBlockManager: Created local directory at /tmp/blockmgr-bb374fec-20bd-47e9-b0bf-0b2548085107
18/11/08 18:21:47 INFO MemoryStore: MemoryStore started with capacity 530.0 MB
18/11/08 18:21:47 INFO HttpFileServer: HTTP File server directory is /tmp/spark-67ee2b33-6d74-42c0-ae30-1f8c54bfb53f/httpd-d766a2e3-6967-4add-b837-8155072fab0a
18/11/08 18:21:47 INFO HttpServer: Starting HTTP Server
18/11/08 18:21:47 INFO Utils: Successfully started service 'HTTP file server' on port 44686.
18/11/08 18:21:47 INFO SparkEnv: Registering OutputCommitCoordinator
18/11/08 18:21:47 INFO Utils: Successfully started service 'SparkUI' on port 4040.
18/11/08 18:21:47 INFO SparkUI: Started SparkUI at http://198.202.118.125:4040
18/11/08 18:21:47 INFO SparkContext: Added JAR file:/home/vsk4762/project5/partition.jar at http://198.202.118.125:44686/jars/partition.jar with timestamp 1541730107529
18/11/08 18:21:47 WARN MetricsSystem: Using default name DAGScheduler for source because spark.app.id is not set.
18/11/08 18:21:47 INFO Executor: Starting executor ID driver on host localhost
18/11/08 18:21:47 INFO Utils: Successfully started service 'org.apache.spark.network.netty.NettyBlockTransferService' on port 45952.
18/11/08 18:21:47 INFO NettyBlockTransferService: Server created on 45952
18/11/08 18:21:47 INFO BlockManagerMaster: Trying to register BlockManager
18/11/08 18:21:47 INFO BlockManagerMasterEndpoint: Registering block manager localhost:45952 with 530.0 MB RAM, BlockManagerId(driver, localhost, 45952)
18/11/08 18:21:47 INFO BlockManagerMaster: Registered BlockManager
18/11/08 18:21:48 INFO MemoryStore: ensureFreeSpace(120040) called with curMem=0, maxMem=555755765
18/11/08 18:21:48 INFO MemoryStore: Block broadcast_0 stored as values in memory (estimated size 117.2 KB, free 529.9 MB)
18/11/08 18:21:48 INFO MemoryStore: ensureFreeSpace(12673) called with curMem=120040, maxMem=555755765
18/11/08 18:21:48 INFO MemoryStore: Block broadcast_0_piece0 stored as bytes in memory (estimated size 12.4 KB, free 529.9 MB)
18/11/08 18:21:48 INFO BlockManagerInfo: Added broadcast_0_piece0 in memory on localhost:45952 (size: 12.4 KB, free: 530.0 MB)
18/11/08 18:21:48 INFO SparkContext: Created broadcast 0 from textFile at Partition.scala:19
18/11/08 18:21:49 INFO FileInputFormat: Total input paths to process : 1
18/11/08 18:21:49 INFO SparkContext: Starting job: collect at Partition.scala:99
18/11/08 18:21:49 INFO DAGScheduler: Registering RDD 8 (union at Partition.scala:54)
18/11/08 18:21:49 INFO DAGScheduler: Registering RDD 14 (union at Partition.scala:78)
18/11/08 18:21:49 INFO DAGScheduler: Registering RDD 17 (map at Partition.scala:97)
18/11/08 18:21:49 INFO DAGScheduler: Got job 0 (collect at Partition.scala:99) with 8 output partitions
18/11/08 18:21:49 INFO DAGScheduler: Final stage: ResultStage 3(collect at Partition.scala:99)
18/11/08 18:21:49 INFO DAGScheduler: Parents of final stage: List(ShuffleMapStage 2)
18/11/08 18:21:49 INFO DAGScheduler: Missing parents: List(ShuffleMapStage 2)
18/11/08 18:21:49 INFO DAGScheduler: Submitting ShuffleMapStage 0 (UnionRDD[8] at union at Partition.scala:54), which has no missing parents
18/11/08 18:21:49 INFO MemoryStore: ensureFreeSpace(5968) called with curMem=132713, maxMem=555755765
18/11/08 18:21:49 INFO MemoryStore: Block broadcast_1 stored as values in memory (estimated size 5.8 KB, free 529.9 MB)
18/11/08 18:21:49 INFO MemoryStore: ensureFreeSpace(3138) called with curMem=138681, maxMem=555755765
18/11/08 18:21:49 INFO MemoryStore: Block broadcast_1_piece0 stored as bytes in memory (estimated size 3.1 KB, free 529.9 MB)
18/11/08 18:21:49 INFO BlockManagerInfo: Added broadcast_1_piece0 in memory on localhost:45952 (size: 3.1 KB, free: 530.0 MB)
18/11/08 18:21:49 INFO SparkContext: Created broadcast 1 from broadcast at DAGScheduler.scala:861
18/11/08 18:21:49 INFO DAGScheduler: Submitting 4 missing tasks from ShuffleMapStage 0 (UnionRDD[8] at union at Partition.scala:54)
18/11/08 18:21:49 INFO TaskSchedulerImpl: Adding task set 0.0 with 4 tasks
18/11/08 18:21:49 INFO TaskSetManager: Starting task 0.0 in stage 0.0 (TID 0, localhost, PROCESS_LOCAL, 2307 bytes)
18/11/08 18:21:49 INFO TaskSetManager: Starting task 1.0 in stage 0.0 (TID 1, localhost, PROCESS_LOCAL, 2307 bytes)
18/11/08 18:21:49 INFO Executor: Running task 1.0 in stage 0.0 (TID 1)
18/11/08 18:21:49 INFO Executor: Running task 0.0 in stage 0.0 (TID 0)
18/11/08 18:21:49 INFO Executor: Fetching http://198.202.118.125:44686/jars/partition.jar with timestamp 1541730107529
18/11/08 18:21:49 INFO Utils: Fetching http://198.202.118.125:44686/jars/partition.jar to /tmp/spark-67ee2b33-6d74-42c0-ae30-1f8c54bfb53f/userFiles-d5aca876-355d-4d4a-8f23-2d9b8fc1ca63/fetchFileTemp7671392785181156690.tmp
18/11/08 18:21:49 INFO Executor: Adding file:/tmp/spark-67ee2b33-6d74-42c0-ae30-1f8c54bfb53f/userFiles-d5aca876-355d-4d4a-8f23-2d9b8fc1ca63/partition.jar to class loader
18/11/08 18:21:49 INFO HadoopRDD: Input split: file:/home/vsk4762/project5/small-graph.txt:0+1770
18/11/08 18:21:49 INFO deprecation: mapred.tip.id is deprecated. Instead, use mapreduce.task.id
18/11/08 18:21:49 INFO deprecation: mapred.task.id is deprecated. Instead, use mapreduce.task.attempt.id
18/11/08 18:21:49 INFO deprecation: mapred.task.is.map is deprecated. Instead, use mapreduce.task.ismap
18/11/08 18:21:49 INFO deprecation: mapred.task.partition is deprecated. Instead, use mapreduce.task.partition
18/11/08 18:21:49 INFO deprecation: mapred.job.id is deprecated. Instead, use mapreduce.job.id
18/11/08 18:21:49 INFO HadoopRDD: Input split: file:/home/vsk4762/project5/small-graph.txt:1770+1771
18/11/08 18:21:49 INFO Executor: Finished task 1.0 in stage 0.0 (TID 1). 2256 bytes result sent to driver
18/11/08 18:21:49 INFO Executor: Finished task 0.0 in stage 0.0 (TID 0). 2256 bytes result sent to driver
18/11/08 18:21:49 INFO TaskSetManager: Starting task 2.0 in stage 0.0 (TID 2, localhost, PROCESS_LOCAL, 2307 bytes)
18/11/08 18:21:49 INFO Executor: Running task 2.0 in stage 0.0 (TID 2)
18/11/08 18:21:49 INFO TaskSetManager: Starting task 3.0 in stage 0.0 (TID 3, localhost, PROCESS_LOCAL, 2307 bytes)
18/11/08 18:21:49 INFO Executor: Running task 3.0 in stage 0.0 (TID 3)
18/11/08 18:21:49 INFO HadoopRDD: Input split: file:/home/vsk4762/project5/small-graph.txt:1770+1771
18/11/08 18:21:49 INFO HadoopRDD: Input split: file:/home/vsk4762/project5/small-graph.txt:0+1770
18/11/08 18:21:49 INFO Executor: Finished task 3.0 in stage 0.0 (TID 3). 2256 bytes result sent to driver
18/11/08 18:21:49 INFO TaskSetManager: Finished task 0.0 in stage 0.0 (TID 0) in 235 ms on localhost (1/4)
18/11/08 18:21:49 INFO TaskSetManager: Finished task 1.0 in stage 0.0 (TID 1) in 228 ms on localhost (2/4)
18/11/08 18:21:49 INFO TaskSetManager: Finished task 3.0 in stage 0.0 (TID 3) in 65 ms on localhost (3/4)
18/11/08 18:21:49 INFO Executor: Finished task 2.0 in stage 0.0 (TID 2). 2256 bytes result sent to driver
18/11/08 18:21:49 INFO DAGScheduler: ShuffleMapStage 0 (union at Partition.scala:54) finished in 0.277 s
18/11/08 18:21:49 INFO DAGScheduler: looking for newly runnable stages
18/11/08 18:21:49 INFO DAGScheduler: running: Set()
18/11/08 18:21:49 INFO DAGScheduler: waiting: Set(ShuffleMapStage 1, ShuffleMapStage 2, ResultStage 3)
18/11/08 18:21:49 INFO DAGScheduler: failed: Set()
18/11/08 18:21:49 INFO DAGScheduler: Missing parents for ShuffleMapStage 1: List()
18/11/08 18:21:49 INFO DAGScheduler: Missing parents for ShuffleMapStage 2: List(ShuffleMapStage 1)
18/11/08 18:21:49 INFO DAGScheduler: Missing parents for ResultStage 3: List(ShuffleMapStage 2)
18/11/08 18:21:49 INFO DAGScheduler: Submitting ShuffleMapStage 1 (UnionRDD[14] at union at Partition.scala:78), which is now runnable
18/11/08 18:21:49 INFO MemoryStore: ensureFreeSpace(6840) called with curMem=141819, maxMem=555755765
18/11/08 18:21:49 INFO MemoryStore: Block broadcast_2 stored as values in memory (estimated size 6.7 KB, free 529.9 MB)
18/11/08 18:21:49 INFO MemoryStore: ensureFreeSpace(3491) called with curMem=148659, maxMem=555755765
18/11/08 18:21:49 INFO MemoryStore: Block broadcast_2_piece0 stored as bytes in memory (estimated size 3.4 KB, free 529.9 MB)
18/11/08 18:21:49 INFO BlockManagerInfo: Added broadcast_2_piece0 in memory on localhost:45952 (size: 3.4 KB, free: 530.0 MB)
18/11/08 18:21:49 INFO SparkContext: Created broadcast 2 from broadcast at DAGScheduler.scala:861
18/11/08 18:21:49 INFO DAGScheduler: Submitting 8 missing tasks from ShuffleMapStage 1 (UnionRDD[14] at union at Partition.scala:78)
18/11/08 18:21:49 INFO TaskSchedulerImpl: Adding task set 1.0 with 8 tasks
18/11/08 18:21:49 INFO TaskSetManager: Finished task 2.0 in stage 0.0 (TID 2) in 99 ms on localhost (4/4)
18/11/08 18:21:49 INFO TaskSchedulerImpl: Removed TaskSet 0.0, whose tasks have all completed, from pool 
18/11/08 18:21:49 INFO TaskSetManager: Starting task 0.0 in stage 1.0 (TID 4, localhost, PROCESS_LOCAL, 2056 bytes)
18/11/08 18:21:49 INFO TaskSetManager: Starting task 1.0 in stage 1.0 (TID 5, localhost, PROCESS_LOCAL, 2056 bytes)
18/11/08 18:21:49 INFO Executor: Running task 0.0 in stage 1.0 (TID 4)
18/11/08 18:21:49 INFO Executor: Running task 1.0 in stage 1.0 (TID 5)
18/11/08 18:21:49 INFO ShuffleBlockFetcherIterator: Getting 4 non-empty blocks out of 4 blocks
18/11/08 18:21:49 INFO ShuffleBlockFetcherIterator: Started 0 remote fetches in 3 ms
18/11/08 18:21:49 INFO ShuffleBlockFetcherIterator: Getting 4 non-empty blocks out of 4 blocks
18/11/08 18:21:49 INFO ShuffleBlockFetcherIterator: Started 0 remote fetches in 20 ms
18/11/08 18:21:49 INFO Executor: Finished task 1.0 in stage 1.0 (TID 5). 1381 bytes result sent to driver
18/11/08 18:21:49 INFO Executor: Finished task 0.0 in stage 1.0 (TID 4). 1381 bytes result sent to driver
18/11/08 18:21:49 INFO TaskSetManager: Starting task 2.0 in stage 1.0 (TID 6, localhost, PROCESS_LOCAL, 2056 bytes)
18/11/08 18:21:49 INFO TaskSetManager: Starting task 3.0 in stage 1.0 (TID 7, localhost, PROCESS_LOCAL, 2056 bytes)
18/11/08 18:21:49 INFO TaskSetManager: Finished task 0.0 in stage 1.0 (TID 4) in 206 ms on localhost (1/8)
18/11/08 18:21:49 INFO Executor: Running task 3.0 in stage 1.0 (TID 7)
18/11/08 18:21:49 INFO TaskSetManager: Finished task 1.0 in stage 1.0 (TID 5) in 206 ms on localhost (2/8)
18/11/08 18:21:49 INFO ShuffleBlockFetcherIterator: Getting 4 non-empty blocks out of 4 blocks
18/11/08 18:21:49 INFO ShuffleBlockFetcherIterator: Started 0 remote fetches in 0 ms
18/11/08 18:21:49 INFO Executor: Running task 2.0 in stage 1.0 (TID 6)
18/11/08 18:21:49 INFO ShuffleBlockFetcherIterator: Getting 4 non-empty blocks out of 4 blocks
18/11/08 18:21:49 INFO ShuffleBlockFetcherIterator: Started 0 remote fetches in 0 ms
18/11/08 18:21:49 INFO Executor: Finished task 3.0 in stage 1.0 (TID 7). 1381 bytes result sent to driver
18/11/08 18:21:49 INFO TaskSetManager: Starting task 4.0 in stage 1.0 (TID 8, localhost, PROCESS_LOCAL, 2056 bytes)
18/11/08 18:21:49 INFO TaskSetManager: Finished task 3.0 in stage 1.0 (TID 7) in 45 ms on localhost (3/8)
18/11/08 18:21:49 INFO Executor: Finished task 2.0 in stage 1.0 (TID 6). 1381 bytes result sent to driver
18/11/08 18:21:49 INFO TaskSetManager: Starting task 5.0 in stage 1.0 (TID 9, localhost, PROCESS_LOCAL, 2056 bytes)
18/11/08 18:21:49 INFO TaskSetManager: Finished task 2.0 in stage 1.0 (TID 6) in 83 ms on localhost (4/8)
18/11/08 18:21:49 INFO Executor: Running task 5.0 in stage 1.0 (TID 9)
18/11/08 18:21:49 INFO ShuffleBlockFetcherIterator: Getting 4 non-empty blocks out of 4 blocks
18/11/08 18:21:49 INFO ShuffleBlockFetcherIterator: Started 0 remote fetches in 1 ms
18/11/08 18:21:49 INFO Executor: Running task 4.0 in stage 1.0 (TID 8)
18/11/08 18:21:49 INFO ShuffleBlockFetcherIterator: Getting 4 non-empty blocks out of 4 blocks
18/11/08 18:21:49 INFO ShuffleBlockFetcherIterator: Started 0 remote fetches in 0 ms
18/11/08 18:21:50 INFO Executor: Finished task 5.0 in stage 1.0 (TID 9). 1381 bytes result sent to driver
18/11/08 18:21:50 INFO TaskSetManager: Starting task 6.0 in stage 1.0 (TID 10, localhost, PROCESS_LOCAL, 2056 bytes)
18/11/08 18:21:50 INFO TaskSetManager: Finished task 5.0 in stage 1.0 (TID 9) in 132 ms on localhost (5/8)
18/11/08 18:21:50 INFO Executor: Running task 6.0 in stage 1.0 (TID 10)
18/11/08 18:21:50 INFO ShuffleBlockFetcherIterator: Getting 4 non-empty blocks out of 4 blocks
18/11/08 18:21:50 INFO ShuffleBlockFetcherIterator: Started 0 remote fetches in 0 ms
18/11/08 18:21:50 INFO Executor: Finished task 4.0 in stage 1.0 (TID 8). 1381 bytes result sent to driver
18/11/08 18:21:50 INFO TaskSetManager: Starting task 7.0 in stage 1.0 (TID 11, localhost, PROCESS_LOCAL, 2056 bytes)
18/11/08 18:21:50 INFO TaskSetManager: Finished task 4.0 in stage 1.0 (TID 8) in 176 ms on localhost (6/8)
18/11/08 18:21:50 INFO Executor: Running task 7.0 in stage 1.0 (TID 11)
18/11/08 18:21:50 INFO ShuffleBlockFetcherIterator: Getting 4 non-empty blocks out of 4 blocks
18/11/08 18:21:50 INFO ShuffleBlockFetcherIterator: Started 0 remote fetches in 0 ms
18/11/08 18:21:50 INFO Executor: Finished task 7.0 in stage 1.0 (TID 11). 1381 bytes result sent to driver
18/11/08 18:21:50 INFO TaskSetManager: Finished task 7.0 in stage 1.0 (TID 11) in 64 ms on localhost (7/8)
18/11/08 18:21:50 INFO Executor: Finished task 6.0 in stage 1.0 (TID 10). 1381 bytes result sent to driver
18/11/08 18:21:50 INFO TaskSetManager: Finished task 6.0 in stage 1.0 (TID 10) in 132 ms on localhost (8/8)
18/11/08 18:21:50 INFO TaskSchedulerImpl: Removed TaskSet 1.0, whose tasks have all completed, from pool 
18/11/08 18:21:50 INFO DAGScheduler: ShuffleMapStage 1 (union at Partition.scala:78) finished in 0.545 s
18/11/08 18:21:50 INFO DAGScheduler: looking for newly runnable stages
18/11/08 18:21:50 INFO DAGScheduler: running: Set()
18/11/08 18:21:50 INFO DAGScheduler: waiting: Set(ShuffleMapStage 2, ResultStage 3)
18/11/08 18:21:50 INFO DAGScheduler: failed: Set()
18/11/08 18:21:50 INFO DAGScheduler: Missing parents for ShuffleMapStage 2: List()
18/11/08 18:21:50 INFO DAGScheduler: Missing parents for ResultStage 3: List(ShuffleMapStage 2)
18/11/08 18:21:50 INFO DAGScheduler: Submitting ShuffleMapStage 2 (MapPartitionsRDD[17] at map at Partition.scala:97), which is now runnable
18/11/08 18:21:50 INFO MemoryStore: ensureFreeSpace(7320) called with curMem=152150, maxMem=555755765
18/11/08 18:21:50 INFO MemoryStore: Block broadcast_3 stored as values in memory (estimated size 7.1 KB, free 529.9 MB)
18/11/08 18:21:50 INFO MemoryStore: ensureFreeSpace(3634) called with curMem=159470, maxMem=555755765
18/11/08 18:21:50 INFO MemoryStore: Block broadcast_3_piece0 stored as bytes in memory (estimated size 3.5 KB, free 529.9 MB)
18/11/08 18:21:50 INFO BlockManagerInfo: Added broadcast_3_piece0 in memory on localhost:45952 (size: 3.5 KB, free: 530.0 MB)
18/11/08 18:21:50 INFO SparkContext: Created broadcast 3 from broadcast at DAGScheduler.scala:861
18/11/08 18:21:50 INFO DAGScheduler: Submitting 8 missing tasks from ShuffleMapStage 2 (MapPartitionsRDD[17] at map at Partition.scala:97)
18/11/08 18:21:50 INFO TaskSchedulerImpl: Adding task set 2.0 with 8 tasks
18/11/08 18:21:50 INFO TaskSetManager: Starting task 0.0 in stage 2.0 (TID 12, localhost, PROCESS_LOCAL, 1947 bytes)
18/11/08 18:21:50 INFO TaskSetManager: Starting task 1.0 in stage 2.0 (TID 13, localhost, PROCESS_LOCAL, 1947 bytes)
18/11/08 18:21:50 INFO Executor: Running task 1.0 in stage 2.0 (TID 13)
18/11/08 18:21:50 INFO Executor: Running task 0.0 in stage 2.0 (TID 12)
18/11/08 18:21:50 INFO ShuffleBlockFetcherIterator: Getting 8 non-empty blocks out of 8 blocks
18/11/08 18:21:50 INFO ShuffleBlockFetcherIterator: Started 0 remote fetches in 0 ms
18/11/08 18:21:50 INFO ShuffleBlockFetcherIterator: Getting 8 non-empty blocks out of 8 blocks
18/11/08 18:21:50 INFO ShuffleBlockFetcherIterator: Started 0 remote fetches in 0 ms
18/11/08 18:21:50 INFO Executor: Finished task 0.0 in stage 2.0 (TID 12). 1381 bytes result sent to driver
18/11/08 18:21:50 INFO TaskSetManager: Starting task 2.0 in stage 2.0 (TID 14, localhost, PROCESS_LOCAL, 1947 bytes)
18/11/08 18:21:50 INFO TaskSetManager: Finished task 0.0 in stage 2.0 (TID 12) in 62 ms on localhost (1/8)
18/11/08 18:21:50 INFO Executor: Running task 2.0 in stage 2.0 (TID 14)
18/11/08 18:21:50 INFO Executor: Finished task 1.0 in stage 2.0 (TID 13). 1381 bytes result sent to driver
18/11/08 18:21:50 INFO TaskSetManager: Starting task 3.0 in stage 2.0 (TID 15, localhost, PROCESS_LOCAL, 1947 bytes)
18/11/08 18:21:50 INFO TaskSetManager: Finished task 1.0 in stage 2.0 (TID 13) in 87 ms on localhost (2/8)
18/11/08 18:21:50 INFO Executor: Running task 3.0 in stage 2.0 (TID 15)
18/11/08 18:21:50 INFO ShuffleBlockFetcherIterator: Getting 8 non-empty blocks out of 8 blocks
18/11/08 18:21:50 INFO ShuffleBlockFetcherIterator: Started 0 remote fetches in 0 ms
18/11/08 18:21:50 INFO Executor: Finished task 2.0 in stage 2.0 (TID 14). 1381 bytes result sent to driver
18/11/08 18:21:50 INFO ShuffleBlockFetcherIterator: Getting 8 non-empty blocks out of 8 blocks
18/11/08 18:21:50 INFO ShuffleBlockFetcherIterator: Started 0 remote fetches in 1 ms
18/11/08 18:21:50 INFO TaskSetManager: Starting task 4.0 in stage 2.0 (TID 16, localhost, PROCESS_LOCAL, 1947 bytes)
18/11/08 18:21:50 INFO TaskSetManager: Finished task 2.0 in stage 2.0 (TID 14) in 40 ms on localhost (3/8)
18/11/08 18:21:50 INFO Executor: Running task 4.0 in stage 2.0 (TID 16)
18/11/08 18:21:50 INFO ShuffleBlockFetcherIterator: Getting 8 non-empty blocks out of 8 blocks
18/11/08 18:21:50 INFO ShuffleBlockFetcherIterator: Started 0 remote fetches in 0 ms
18/11/08 18:21:50 INFO Executor: Finished task 4.0 in stage 2.0 (TID 16). 1381 bytes result sent to driver
18/11/08 18:21:50 INFO TaskSetManager: Starting task 5.0 in stage 2.0 (TID 17, localhost, PROCESS_LOCAL, 1947 bytes)
18/11/08 18:21:50 INFO TaskSetManager: Finished task 4.0 in stage 2.0 (TID 16) in 6 ms on localhost (4/8)
18/11/08 18:21:50 INFO Executor: Finished task 3.0 in stage 2.0 (TID 15). 1381 bytes result sent to driver
18/11/08 18:21:50 INFO TaskSetManager: Starting task 6.0 in stage 2.0 (TID 18, localhost, PROCESS_LOCAL, 1947 bytes)
18/11/08 18:21:50 INFO TaskSetManager: Finished task 3.0 in stage 2.0 (TID 15) in 23 ms on localhost (5/8)
18/11/08 18:21:50 INFO Executor: Running task 6.0 in stage 2.0 (TID 18)
18/11/08 18:21:50 INFO Executor: Running task 5.0 in stage 2.0 (TID 17)
18/11/08 18:21:50 INFO ShuffleBlockFetcherIterator: Getting 8 non-empty blocks out of 8 blocks
18/11/08 18:21:50 INFO ShuffleBlockFetcherIterator: Started 0 remote fetches in 0 ms
18/11/08 18:21:50 INFO ShuffleBlockFetcherIterator: Getting 8 non-empty blocks out of 8 blocks
18/11/08 18:21:50 INFO ShuffleBlockFetcherIterator: Started 0 remote fetches in 0 ms
18/11/08 18:21:50 INFO Executor: Finished task 6.0 in stage 2.0 (TID 18). 1381 bytes result sent to driver
18/11/08 18:21:50 INFO TaskSetManager: Starting task 7.0 in stage 2.0 (TID 19, localhost, PROCESS_LOCAL, 1947 bytes)
18/11/08 18:21:50 INFO TaskSetManager: Finished task 6.0 in stage 2.0 (TID 18) in 6 ms on localhost (6/8)
18/11/08 18:21:50 INFO Executor: Running task 7.0 in stage 2.0 (TID 19)
18/11/08 18:21:50 INFO Executor: Finished task 5.0 in stage 2.0 (TID 17). 1381 bytes result sent to driver
18/11/08 18:21:50 INFO ShuffleBlockFetcherIterator: Getting 8 non-empty blocks out of 8 blocks
18/11/08 18:21:50 INFO ShuffleBlockFetcherIterator: Started 0 remote fetches in 0 ms
18/11/08 18:21:50 INFO TaskSetManager: Finished task 5.0 in stage 2.0 (TID 17) in 12 ms on localhost (7/8)
18/11/08 18:21:50 INFO Executor: Finished task 7.0 in stage 2.0 (TID 19). 1381 bytes result sent to driver
18/11/08 18:21:50 INFO TaskSetManager: Finished task 7.0 in stage 2.0 (TID 19) in 9 ms on localhost (8/8)
18/11/08 18:21:50 INFO TaskSchedulerImpl: Removed TaskSet 2.0, whose tasks have all completed, from pool 
18/11/08 18:21:50 INFO DAGScheduler: ShuffleMapStage 2 (map at Partition.scala:97) finished in 0.122 s
18/11/08 18:21:50 INFO DAGScheduler: looking for newly runnable stages
18/11/08 18:21:50 INFO DAGScheduler: running: Set()
18/11/08 18:21:50 INFO DAGScheduler: waiting: Set(ResultStage 3)
18/11/08 18:21:50 INFO DAGScheduler: failed: Set()
18/11/08 18:21:50 INFO DAGScheduler: Missing parents for ResultStage 3: List()
18/11/08 18:21:50 INFO DAGScheduler: Submitting ResultStage 3 (ShuffledRDD[18] at reduceByKey at Partition.scala:97), which is now runnable
18/11/08 18:21:50 INFO MemoryStore: ensureFreeSpace(2280) called with curMem=163104, maxMem=555755765
18/11/08 18:21:50 INFO MemoryStore: Block broadcast_4 stored as values in memory (estimated size 2.2 KB, free 529.9 MB)
18/11/08 18:21:50 INFO MemoryStore: ensureFreeSpace(1369) called with curMem=165384, maxMem=555755765
18/11/08 18:21:50 INFO MemoryStore: Block broadcast_4_piece0 stored as bytes in memory (estimated size 1369.0 B, free 529.9 MB)
18/11/08 18:21:50 INFO BlockManagerInfo: Added broadcast_4_piece0 in memory on localhost:45952 (size: 1369.0 B, free: 530.0 MB)
18/11/08 18:21:50 INFO SparkContext: Created broadcast 4 from broadcast at DAGScheduler.scala:861
18/11/08 18:21:50 INFO DAGScheduler: Submitting 8 missing tasks from ResultStage 3 (ShuffledRDD[18] at reduceByKey at Partition.scala:97)
18/11/08 18:21:50 INFO TaskSchedulerImpl: Adding task set 3.0 with 8 tasks
18/11/08 18:21:50 INFO TaskSetManager: Starting task 0.0 in stage 3.0 (TID 20, localhost, PROCESS_LOCAL, 1958 bytes)
18/11/08 18:21:50 INFO TaskSetManager: Starting task 1.0 in stage 3.0 (TID 21, localhost, PROCESS_LOCAL, 1958 bytes)
18/11/08 18:21:50 INFO Executor: Running task 0.0 in stage 3.0 (TID 20)
18/11/08 18:21:50 INFO Executor: Running task 1.0 in stage 3.0 (TID 21)
18/11/08 18:21:50 INFO ShuffleBlockFetcherIterator: Getting 5 non-empty blocks out of 8 blocks
18/11/08 18:21:50 INFO ShuffleBlockFetcherIterator: Started 0 remote fetches in 0 ms
18/11/08 18:21:50 INFO Executor: Finished task 1.0 in stage 3.0 (TID 21). 2010 bytes result sent to driver
18/11/08 18:21:50 INFO TaskSetManager: Starting task 2.0 in stage 3.0 (TID 22, localhost, PROCESS_LOCAL, 1958 bytes)
18/11/08 18:21:50 INFO Executor: Running task 2.0 in stage 3.0 (TID 22)
18/11/08 18:21:50 INFO TaskSetManager: Finished task 1.0 in stage 3.0 (TID 21) in 9 ms on localhost (1/8)
18/11/08 18:21:50 INFO ShuffleBlockFetcherIterator: Getting 6 non-empty blocks out of 8 blocks
18/11/08 18:21:50 INFO ShuffleBlockFetcherIterator: Started 0 remote fetches in 0 ms
18/11/08 18:21:50 INFO ShuffleBlockFetcherIterator: Getting 6 non-empty blocks out of 8 blocks
18/11/08 18:21:50 INFO ShuffleBlockFetcherIterator: Started 0 remote fetches in 0 ms
18/11/08 18:21:50 INFO Executor: Finished task 2.0 in stage 3.0 (TID 22). 2068 bytes result sent to driver
18/11/08 18:21:50 INFO Executor: Finished task 0.0 in stage 3.0 (TID 20). 2019 bytes result sent to driver
18/11/08 18:21:50 INFO TaskSetManager: Starting task 3.0 in stage 3.0 (TID 23, localhost, PROCESS_LOCAL, 1958 bytes)
18/11/08 18:21:50 INFO TaskSetManager: Starting task 4.0 in stage 3.0 (TID 24, localhost, PROCESS_LOCAL, 1958 bytes)
18/11/08 18:21:50 INFO TaskSetManager: Finished task 2.0 in stage 3.0 (TID 22) in 4 ms on localhost (2/8)
18/11/08 18:21:50 INFO TaskSetManager: Finished task 0.0 in stage 3.0 (TID 20) in 14 ms on localhost (3/8)
18/11/08 18:21:50 INFO Executor: Running task 4.0 in stage 3.0 (TID 24)
18/11/08 18:21:50 INFO ShuffleBlockFetcherIterator: Getting 8 non-empty blocks out of 8 blocks
18/11/08 18:21:50 INFO ShuffleBlockFetcherIterator: Started 0 remote fetches in 0 ms
18/11/08 18:21:50 INFO Executor: Finished task 4.0 in stage 3.0 (TID 24). 2086 bytes result sent to driver
18/11/08 18:21:50 INFO Executor: Running task 3.0 in stage 3.0 (TID 23)
18/11/08 18:21:50 INFO ShuffleBlockFetcherIterator: Getting 4 non-empty blocks out of 8 blocks
18/11/08 18:21:50 INFO ShuffleBlockFetcherIterator: Started 0 remote fetches in 0 ms
18/11/08 18:21:50 INFO TaskSetManager: Starting task 5.0 in stage 3.0 (TID 25, localhost, PROCESS_LOCAL, 1958 bytes)
18/11/08 18:21:50 INFO TaskSetManager: Finished task 4.0 in stage 3.0 (TID 24) in 9 ms on localhost (4/8)
18/11/08 18:21:50 INFO Executor: Finished task 3.0 in stage 3.0 (TID 23). 1854 bytes result sent to driver
18/11/08 18:21:50 INFO TaskSetManager: Starting task 6.0 in stage 3.0 (TID 26, localhost, PROCESS_LOCAL, 1958 bytes)
18/11/08 18:21:50 INFO Executor: Running task 6.0 in stage 3.0 (TID 26)
18/11/08 18:21:50 INFO TaskSetManager: Finished task 3.0 in stage 3.0 (TID 23) in 11 ms on localhost (5/8)
18/11/08 18:21:50 INFO ShuffleBlockFetcherIterator: Getting 5 non-empty blocks out of 8 blocks
18/11/08 18:21:50 INFO ShuffleBlockFetcherIterator: Started 0 remote fetches in 0 ms
18/11/08 18:21:50 INFO Executor: Finished task 6.0 in stage 3.0 (TID 26). 1961 bytes result sent to driver
18/11/08 18:21:50 INFO TaskSetManager: Starting task 7.0 in stage 3.0 (TID 27, localhost, PROCESS_LOCAL, 1958 bytes)
18/11/08 18:21:50 INFO TaskSetManager: Finished task 6.0 in stage 3.0 (TID 26) in 3 ms on localhost (6/8)
18/11/08 18:21:50 INFO Executor: Running task 5.0 in stage 3.0 (TID 25)
18/11/08 18:21:50 INFO ShuffleBlockFetcherIterator: Getting 4 non-empty blocks out of 8 blocks
18/11/08 18:21:50 INFO ShuffleBlockFetcherIterator: Started 0 remote fetches in 0 ms
18/11/08 18:21:50 INFO Executor: Finished task 5.0 in stage 3.0 (TID 25). 1854 bytes result sent to driver
18/11/08 18:21:50 INFO TaskSetManager: Finished task 5.0 in stage 3.0 (TID 25) in 12 ms on localhost (7/8)
18/11/08 18:21:50 INFO Executor: Running task 7.0 in stage 3.0 (TID 27)
18/11/08 18:21:50 INFO ShuffleBlockFetcherIterator: Getting 6 non-empty blocks out of 8 blocks
18/11/08 18:21:50 INFO ShuffleBlockFetcherIterator: Started 0 remote fetches in 0 ms
18/11/08 18:21:50 INFO Executor: Finished task 7.0 in stage 3.0 (TID 27). 1921 bytes result sent to driver
18/11/08 18:21:50 INFO TaskSetManager: Finished task 7.0 in stage 3.0 (TID 27) in 15 ms on localhost (8/8)
18/11/08 18:21:50 INFO TaskSchedulerImpl: Removed TaskSet 3.0, whose tasks have all completed, from pool 
18/11/08 18:21:50 INFO DAGScheduler: ResultStage 3 (collect at Partition.scala:99) finished in 0.041 s
18/11/08 18:21:50 INFO DAGScheduler: Job 0 finished: collect at Partition.scala:99, took 1.112245 s
(69,4)
(101,6)
(88,3)
(125,5)
(105,4)
(118,2)
(67,10)
(82,5)
(90,8)
(100,17)
18/11/08 18:21:50 INFO SparkUI: Stopped Spark web UI at http://198.202.118.125:4040
18/11/08 18:21:50 INFO DAGScheduler: Stopping DAGScheduler
18/11/08 18:21:50 INFO MapOutputTrackerMasterEndpoint: MapOutputTrackerMasterEndpoint stopped!
18/11/08 18:21:50 INFO MemoryStore: MemoryStore cleared
18/11/08 18:21:50 INFO BlockManager: BlockManager stopped
18/11/08 18:21:50 INFO BlockManagerMaster: BlockManagerMaster stopped
18/11/08 18:21:50 INFO OutputCommitCoordinator$OutputCommitCoordinatorEndpoint: OutputCommitCoordinator stopped!
18/11/08 18:21:50 INFO SparkContext: Successfully stopped SparkContext
18/11/08 18:21:50 INFO RemoteActorRefProvider$RemotingTerminator: Shutting down remote daemon.
18/11/08 18:21:50 INFO RemoteActorRefProvider$RemotingTerminator: Remote daemon shut down; proceeding with flushing remote transports.
18/11/08 18:21:50 INFO ShutdownHookManager: Shutdown hook called
18/11/08 18:21:50 INFO ShutdownHookManager: Deleting directory /tmp/spark-67ee2b33-6d74-42c0-ae30-1f8c54bfb53f
