myHadoop: Setting MH_IPOIB_TRANSFORM='s/\([^.]*\).*$/\1.ibnet/' from myhadoop.conf
myHadoop: Setting MH_SCRATCH_DIR=/scratch/$USER/$SLURM_JOBID from myhadoop.conf
myHadoop: Using HADOOP_HOME=/opt/hadoop/2.6.0
myHadoop: Using MH_SCRATCH_DIR=/scratch/vsk4762/20046102
myHadoop: Using JAVA_HOME=/usr/java/latest
myHadoop: Generating Hadoop configuration in directory in /home/vsk4762/cometcluster...
myHadoop: Backing up old config dir to /home/vsk4762/cometcluster.13...
`/home/vsk4762/cometcluster' -> `/home/vsk4762/cometcluster.13'
myHadoop: Designating comet-11-23.ibnet as master node (namenode, secondary namenode, and jobtracker)
myHadoop: The following nodes will be slaves (datanode, tasktracer):
comet-11-23.ibnet
comet-11-24.ibnet
comet-11-59.ibnet
18/11/08 18:35:28 INFO namenode.NameNode: STARTUP_MSG: 
/************************************************************
STARTUP_MSG: Starting NameNode
STARTUP_MSG:   host = comet-11-23.sdsc.edu/198.202.116.182
STARTUP_MSG:   args = [-format]
STARTUP_MSG:   version = 2.6.0
STARTUP_MSG:   classpath = /home/vsk4762/cometcluster:/opt/hadoop/2.6.0/share/hadoop/common/lib/slf4j-api-1.7.5.jar:/opt/hadoop/2.6.0/share/hadoop/common/lib/commons-compress-1.4.1.jar:/opt/hadoop/2.6.0/share/hadoop/common/lib/jettison-1.1.jar:/opt/hadoop/2.6.0/share/hadoop/common/lib/jasper-runtime-5.5.23.jar:/opt/hadoop/2.6.0/share/hadoop/common/lib/mockito-all-1.8.5.jar:/opt/hadoop/2.6.0/share/hadoop/common/lib/commons-beanutils-core-1.8.0.jar:/opt/hadoop/2.6.0/share/hadoop/common/lib/jsr305-1.3.9.jar:/opt/hadoop/2.6.0/share/hadoop/common/lib/jackson-jaxrs-1.9.13.jar:/opt/hadoop/2.6.0/share/hadoop/common/lib/java-xmlbuilder-0.4.jar:/opt/hadoop/2.6.0/share/hadoop/common/lib/xz-1.0.jar:/opt/hadoop/2.6.0/share/hadoop/common/lib/commons-math3-3.1.1.jar:/opt/hadoop/2.6.0/share/hadoop/common/lib/jetty-util-6.1.26.jar:/opt/hadoop/2.6.0/share/hadoop/common/lib/snappy-java-1.0.4.1.jar:/opt/hadoop/2.6.0/share/hadoop/common/lib/api-asn1-api-1.0.0-M20.jar:/opt/hadoop/2.6.0/share/hadoop/common/lib/hamcrest-core-1.3.jar:/opt/hadoop/2.6.0/share/hadoop/common/lib/guava-11.0.2.jar:/opt/hadoop/2.6.0/share/hadoop/common/lib/curator-recipes-2.6.0.jar:/opt/hadoop/2.6.0/share/hadoop/common/lib/jets3t-0.9.0.jar:/opt/hadoop/2.6.0/share/hadoop/common/lib/protobuf-java-2.5.0.jar:/opt/hadoop/2.6.0/share/hadoop/common/lib/htrace-core-3.0.4.jar:/opt/hadoop/2.6.0/share/hadoop/common/lib/jsch-0.1.42.jar:/opt/hadoop/2.6.0/share/hadoop/common/lib/commons-cli-1.2.jar:/opt/hadoop/2.6.0/share/hadoop/common/lib/jsp-api-2.1.jar:/opt/hadoop/2.6.0/share/hadoop/common/lib/jaxb-api-2.2.2.jar:/opt/hadoop/2.6.0/share/hadoop/common/lib/jackson-mapper-asl-1.9.13.jar:/opt/hadoop/2.6.0/share/hadoop/common/lib/commons-net-3.1.jar:/opt/hadoop/2.6.0/share/hadoop/common/lib/log4j-1.2.17.jar:/opt/hadoop/2.6.0/share/hadoop/common/lib/curator-client-2.6.0.jar:/opt/hadoop/2.6.0/share/hadoop/common/lib/commons-configuration-1.6.jar:/opt/hadoop/2.6.0/share/hadoop/common/lib/httpcore-4.2.5.jar:/opt/hadoop/2.6.0/share/hadoop/common/lib/commons-el-1.0.jar:/opt/hadoop/2.6.0/share/hadoop/common/lib/commons-httpclient-3.1.jar:/opt/hadoop/2.6.0/share/hadoop/common/lib/stax-api-1.0-2.jar:/opt/hadoop/2.6.0/share/hadoop/common/lib/netty-3.6.2.Final.jar:/opt/hadoop/2.6.0/share/hadoop/common/lib/jackson-xc-1.9.13.jar:/opt/hadoop/2.6.0/share/hadoop/common/lib/hadoop-annotations-2.6.0.jar:/opt/hadoop/2.6.0/share/hadoop/common/lib/activation-1.1.jar:/opt/hadoop/2.6.0/share/hadoop/common/lib/commons-beanutils-1.7.0.jar:/opt/hadoop/2.6.0/share/hadoop/common/lib/commons-logging-1.1.3.jar:/opt/hadoop/2.6.0/share/hadoop/common/lib/curator-framework-2.6.0.jar:/opt/hadoop/2.6.0/share/hadoop/common/lib/commons-io-2.4.jar:/opt/hadoop/2.6.0/share/hadoop/common/lib/avro-1.7.4.jar:/opt/hadoop/2.6.0/share/hadoop/common/lib/gson-2.2.4.jar:/opt/hadoop/2.6.0/share/hadoop/common/lib/commons-collections-3.2.1.jar:/opt/hadoop/2.6.0/share/hadoop/common/lib/jetty-6.1.26.jar:/opt/hadoop/2.6.0/share/hadoop/common/lib/jersey-json-1.9.jar:/opt/hadoop/2.6.0/share/hadoop/common/lib/apacheds-kerberos-codec-2.0.0-M15.jar:/opt/hadoop/2.6.0/share/hadoop/common/lib/apacheds-i18n-2.0.0-M15.jar:/opt/hadoop/2.6.0/share/hadoop/common/lib/paranamer-2.3.jar:/opt/hadoop/2.6.0/share/hadoop/common/lib/commons-lang-2.6.jar:/opt/hadoop/2.6.0/share/hadoop/common/lib/zookeeper-3.4.6.jar:/opt/hadoop/2.6.0/share/hadoop/common/lib/jaxb-impl-2.2.3-1.jar:/opt/hadoop/2.6.0/share/hadoop/common/lib/jackson-core-asl-1.9.13.jar:/opt/hadoop/2.6.0/share/hadoop/common/lib/slf4j-log4j12-1.7.5.jar:/opt/hadoop/2.6.0/share/hadoop/common/lib/httpclient-4.2.5.jar:/opt/hadoop/2.6.0/share/hadoop/common/lib/jersey-server-1.9.jar:/opt/hadoop/2.6.0/share/hadoop/common/lib/api-util-1.0.0-M20.jar:/opt/hadoop/2.6.0/share/hadoop/common/lib/servlet-api-2.5.jar:/opt/hadoop/2.6.0/share/hadoop/common/lib/junit-4.11.jar:/opt/hadoop/2.6.0/share/hadoop/common/lib/commons-codec-1.4.jar:/opt/hadoop/2.6.0/share/hadoop/common/lib/jersey-core-1.9.jar:/opt/hadoop/2.6.0/share/hadoop/common/lib/hadoop-auth-2.6.0.jar:/opt/hadoop/2.6.0/share/hadoop/common/lib/asm-3.2.jar:/opt/hadoop/2.6.0/share/hadoop/common/lib/jasper-compiler-5.5.23.jar:/opt/hadoop/2.6.0/share/hadoop/common/lib/commons-digester-1.8.jar:/opt/hadoop/2.6.0/share/hadoop/common/lib/xmlenc-0.52.jar:/opt/hadoop/2.6.0/share/hadoop/common/hadoop-nfs-2.6.0.jar:/opt/hadoop/2.6.0/share/hadoop/common/hadoop-common-2.6.0-tests.jar:/opt/hadoop/2.6.0/share/hadoop/common/hadoop-common-2.6.0.jar:/opt/hadoop/2.6.0/share/hadoop/hdfs:/opt/hadoop/2.6.0/share/hadoop/hdfs/lib/commons-daemon-1.0.13.jar:/opt/hadoop/2.6.0/share/hadoop/hdfs/lib/jasper-runtime-5.5.23.jar:/opt/hadoop/2.6.0/share/hadoop/hdfs/lib/jsr305-1.3.9.jar:/opt/hadoop/2.6.0/share/hadoop/hdfs/lib/jetty-util-6.1.26.jar:/opt/hadoop/2.6.0/share/hadoop/hdfs/lib/guava-11.0.2.jar:/opt/hadoop/2.6.0/share/hadoop/hdfs/lib/xercesImpl-2.9.1.jar:/opt/hadoop/2.6.0/share/hadoop/hdfs/lib/protobuf-java-2.5.0.jar:/opt/hadoop/2.6.0/share/hadoop/hdfs/lib/htrace-core-3.0.4.jar:/opt/hadoop/2.6.0/share/hadoop/hdfs/lib/commons-cli-1.2.jar:/opt/hadoop/2.6.0/share/hadoop/hdfs/lib/jsp-api-2.1.jar:/opt/hadoop/2.6.0/share/hadoop/hdfs/lib/jackson-mapper-asl-1.9.13.jar:/opt/hadoop/2.6.0/share/hadoop/hdfs/lib/log4j-1.2.17.jar:/opt/hadoop/2.6.0/share/hadoop/hdfs/lib/commons-el-1.0.jar:/opt/hadoop/2.6.0/share/hadoop/hdfs/lib/netty-3.6.2.Final.jar:/opt/hadoop/2.6.0/share/hadoop/hdfs/lib/commons-logging-1.1.3.jar:/opt/hadoop/2.6.0/share/hadoop/hdfs/lib/commons-io-2.4.jar:/opt/hadoop/2.6.0/share/hadoop/hdfs/lib/jetty-6.1.26.jar:/opt/hadoop/2.6.0/share/hadoop/hdfs/lib/commons-lang-2.6.jar:/opt/hadoop/2.6.0/share/hadoop/hdfs/lib/jackson-core-asl-1.9.13.jar:/opt/hadoop/2.6.0/share/hadoop/hdfs/lib/xml-apis-1.3.04.jar:/opt/hadoop/2.6.0/share/hadoop/hdfs/lib/jersey-server-1.9.jar:/opt/hadoop/2.6.0/share/hadoop/hdfs/lib/servlet-api-2.5.jar:/opt/hadoop/2.6.0/share/hadoop/hdfs/lib/commons-codec-1.4.jar:/opt/hadoop/2.6.0/share/hadoop/hdfs/lib/jersey-core-1.9.jar:/opt/hadoop/2.6.0/share/hadoop/hdfs/lib/asm-3.2.jar:/opt/hadoop/2.6.0/share/hadoop/hdfs/lib/xmlenc-0.52.jar:/opt/hadoop/2.6.0/share/hadoop/hdfs/hadoop-hdfs-nfs-2.6.0.jar:/opt/hadoop/2.6.0/share/hadoop/hdfs/hadoop-hdfs-2.6.0.jar:/opt/hadoop/2.6.0/share/hadoop/hdfs/hadoop-hdfs-2.6.0-tests.jar:/opt/hadoop/2.6.0/share/hadoop/yarn/lib/jline-0.9.94.jar:/opt/hadoop/2.6.0/share/hadoop/yarn/lib/commons-compress-1.4.1.jar:/opt/hadoop/2.6.0/share/hadoop/yarn/lib/jettison-1.1.jar:/opt/hadoop/2.6.0/share/hadoop/yarn/lib/aopalliance-1.0.jar:/opt/hadoop/2.6.0/share/hadoop/yarn/lib/jsr305-1.3.9.jar:/opt/hadoop/2.6.0/share/hadoop/yarn/lib/jersey-guice-1.9.jar:/opt/hadoop/2.6.0/share/hadoop/yarn/lib/jackson-jaxrs-1.9.13.jar:/opt/hadoop/2.6.0/share/hadoop/yarn/lib/xz-1.0.jar:/opt/hadoop/2.6.0/share/hadoop/yarn/lib/jetty-util-6.1.26.jar:/opt/hadoop/2.6.0/share/hadoop/yarn/lib/guice-3.0.jar:/opt/hadoop/2.6.0/share/hadoop/yarn/lib/jersey-client-1.9.jar:/opt/hadoop/2.6.0/share/hadoop/yarn/lib/guava-11.0.2.jar:/opt/hadoop/2.6.0/share/hadoop/yarn/lib/protobuf-java-2.5.0.jar:/opt/hadoop/2.6.0/share/hadoop/yarn/lib/commons-cli-1.2.jar:/opt/hadoop/2.6.0/share/hadoop/yarn/lib/jaxb-api-2.2.2.jar:/opt/hadoop/2.6.0/share/hadoop/yarn/lib/jackson-mapper-asl-1.9.13.jar:/opt/hadoop/2.6.0/share/hadoop/yarn/lib/javax.inject-1.jar:/opt/hadoop/2.6.0/share/hadoop/yarn/lib/leveldbjni-all-1.8.jar:/opt/hadoop/2.6.0/share/hadoop/yarn/lib/log4j-1.2.17.jar:/opt/hadoop/2.6.0/share/hadoop/yarn/lib/commons-httpclient-3.1.jar:/opt/hadoop/2.6.0/share/hadoop/yarn/lib/stax-api-1.0-2.jar:/opt/hadoop/2.6.0/share/hadoop/yarn/lib/netty-3.6.2.Final.jar:/opt/hadoop/2.6.0/share/hadoop/yarn/lib/jackson-xc-1.9.13.jar:/opt/hadoop/2.6.0/share/hadoop/yarn/lib/activation-1.1.jar:/opt/hadoop/2.6.0/share/hadoop/yarn/lib/commons-logging-1.1.3.jar:/opt/hadoop/2.6.0/share/hadoop/yarn/lib/commons-io-2.4.jar:/opt/hadoop/2.6.0/share/hadoop/yarn/lib/commons-collections-3.2.1.jar:/opt/hadoop/2.6.0/share/hadoop/yarn/lib/jetty-6.1.26.jar:/opt/hadoop/2.6.0/share/hadoop/yarn/lib/jersey-json-1.9.jar:/opt/hadoop/2.6.0/share/hadoop/yarn/lib/commons-lang-2.6.jar:/opt/hadoop/2.6.0/share/hadoop/yarn/lib/zookeeper-3.4.6.jar:/opt/hadoop/2.6.0/share/hadoop/yarn/lib/jaxb-impl-2.2.3-1.jar:/opt/hadoop/2.6.0/share/hadoop/yarn/lib/jackson-core-asl-1.9.13.jar:/opt/hadoop/2.6.0/share/hadoop/yarn/lib/jersey-server-1.9.jar:/opt/hadoop/2.6.0/share/hadoop/yarn/lib/servlet-api-2.5.jar:/opt/hadoop/2.6.0/share/hadoop/yarn/lib/commons-codec-1.4.jar:/opt/hadoop/2.6.0/share/hadoop/yarn/lib/jersey-core-1.9.jar:/opt/hadoop/2.6.0/share/hadoop/yarn/lib/guice-servlet-3.0.jar:/opt/hadoop/2.6.0/share/hadoop/yarn/lib/asm-3.2.jar:/opt/hadoop/2.6.0/share/hadoop/yarn/hadoop-yarn-api-2.6.0.jar:/opt/hadoop/2.6.0/share/hadoop/yarn/hadoop-yarn-common-2.6.0.jar:/opt/hadoop/2.6.0/share/hadoop/yarn/hadoop-yarn-server-tests-2.6.0.jar:/opt/hadoop/2.6.0/share/hadoop/yarn/hadoop-yarn-applications-distributedshell-2.6.0.jar:/opt/hadoop/2.6.0/share/hadoop/yarn/hadoop-yarn-registry-2.6.0.jar:/opt/hadoop/2.6.0/share/hadoop/yarn/hadoop-yarn-client-2.6.0.jar:/opt/hadoop/2.6.0/share/hadoop/yarn/hadoop-yarn-applications-unmanaged-am-launcher-2.6.0.jar:/opt/hadoop/2.6.0/share/hadoop/yarn/hadoop-yarn-server-resourcemanager-2.6.0.jar:/opt/hadoop/2.6.0/share/hadoop/yarn/hadoop-yarn-server-web-proxy-2.6.0.jar:/opt/hadoop/2.6.0/share/hadoop/yarn/hadoop-yarn-server-nodemanager-2.6.0.jar:/opt/hadoop/2.6.0/share/hadoop/yarn/hadoop-yarn-server-common-2.6.0.jar:/opt/hadoop/2.6.0/share/hadoop/yarn/hadoop-yarn-server-applicationhistoryservice-2.6.0.jar:/opt/hadoop/2.6.0/share/hadoop/mapreduce/lib/commons-compress-1.4.1.jar:/opt/hadoop/2.6.0/share/hadoop/mapreduce/lib/aopalliance-1.0.jar:/opt/hadoop/2.6.0/share/hadoop/mapreduce/lib/jersey-guice-1.9.jar:/opt/hadoop/2.6.0/share/hadoop/mapreduce/lib/xz-1.0.jar:/opt/hadoop/2.6.0/share/hadoop/mapreduce/lib/snappy-java-1.0.4.1.jar:/opt/hadoop/2.6.0/share/hadoop/mapreduce/lib/guice-3.0.jar:/opt/hadoop/2.6.0/share/hadoop/mapreduce/lib/hamcrest-core-1.3.jar:/opt/hadoop/2.6.0/share/hadoop/mapreduce/lib/protobuf-java-2.5.0.jar:/opt/hadoop/2.6.0/share/hadoop/mapreduce/lib/jackson-mapper-asl-1.9.13.jar:/opt/hadoop/2.6.0/share/hadoop/mapreduce/lib/javax.inject-1.jar:/opt/hadoop/2.6.0/share/hadoop/mapreduce/lib/leveldbjni-all-1.8.jar:/opt/hadoop/2.6.0/share/hadoop/mapreduce/lib/log4j-1.2.17.jar:/opt/hadoop/2.6.0/share/hadoop/mapreduce/lib/netty-3.6.2.Final.jar:/opt/hadoop/2.6.0/share/hadoop/mapreduce/lib/hadoop-annotations-2.6.0.jar:/opt/hadoop/2.6.0/share/hadoop/mapreduce/lib/commons-io-2.4.jar:/opt/hadoop/2.6.0/share/hadoop/mapreduce/lib/avro-1.7.4.jar:/opt/hadoop/2.6.0/share/hadoop/mapreduce/lib/paranamer-2.3.jar:/opt/hadoop/2.6.0/share/hadoop/mapreduce/lib/jackson-core-asl-1.9.13.jar:/opt/hadoop/2.6.0/share/hadoop/mapreduce/lib/jersey-server-1.9.jar:/opt/hadoop/2.6.0/share/hadoop/mapreduce/lib/junit-4.11.jar:/opt/hadoop/2.6.0/share/hadoop/mapreduce/lib/jersey-core-1.9.jar:/opt/hadoop/2.6.0/share/hadoop/mapreduce/lib/guice-servlet-3.0.jar:/opt/hadoop/2.6.0/share/hadoop/mapreduce/lib/asm-3.2.jar:/opt/hadoop/2.6.0/share/hadoop/mapreduce/hadoop-mapreduce-client-jobclient-2.6.0.jar:/opt/hadoop/2.6.0/share/hadoop/mapreduce/hadoop-mapreduce-client-jobclient-2.6.0-tests.jar:/opt/hadoop/2.6.0/share/hadoop/mapreduce/hadoop-mapreduce-client-hs-2.6.0.jar:/opt/hadoop/2.6.0/share/hadoop/mapreduce/hadoop-mapreduce-client-common-2.6.0.jar:/opt/hadoop/2.6.0/share/hadoop/mapreduce/hadoop-mapreduce-examples-2.6.0.jar:/opt/hadoop/2.6.0/share/hadoop/mapreduce/hadoop-mapreduce-client-app-2.6.0.jar:/opt/hadoop/2.6.0/share/hadoop/mapreduce/hadoop-mapreduce-client-core-2.6.0.jar:/opt/hadoop/2.6.0/share/hadoop/mapreduce/hadoop-mapreduce-client-shuffle-2.6.0.jar:/opt/hadoop/2.6.0/share/hadoop/mapreduce/hadoop-mapreduce-client-hs-plugins-2.6.0.jar:/opt/hadoop/2.6.0/contrib/capacity-scheduler/*.jar
STARTUP_MSG:   build = https://git-wip-us.apache.org/repos/asf/hadoop.git -r e3496499ecb8d220fba99dc5ed4c99c8f9e33bb1; compiled by 'jenkins' on 2014-11-13T21:10Z
STARTUP_MSG:   java = 1.8.0_60
************************************************************/
18/11/08 18:35:28 INFO namenode.NameNode: registered UNIX signal handlers for [TERM, HUP, INT]
18/11/08 18:35:28 INFO namenode.NameNode: createNameNode [-format]
18/11/08 18:35:29 WARN util.NativeCodeLoader: Unable to load native-hadoop library for your platform... using builtin-java classes where applicable
18/11/08 18:35:29 WARN common.Util: Path /scratch/vsk4762/20046102/namenode_data should be specified as a URI in configuration files. Please update hdfs configuration.
18/11/08 18:35:29 WARN common.Util: Path /scratch/vsk4762/20046102/namenode_data should be specified as a URI in configuration files. Please update hdfs configuration.
Formatting using clusterid: CID-564ea29a-9c75-4424-8e9d-7891cf3d39ab
18/11/08 18:35:29 INFO namenode.FSNamesystem: No KeyProvider found.
18/11/08 18:35:29 INFO namenode.FSNamesystem: fsLock is fair:true
18/11/08 18:35:29 INFO blockmanagement.DatanodeManager: dfs.block.invalidate.limit=1000
18/11/08 18:35:29 INFO blockmanagement.DatanodeManager: dfs.namenode.datanode.registration.ip-hostname-check=true
18/11/08 18:35:29 INFO blockmanagement.BlockManager: dfs.namenode.startup.delay.block.deletion.sec is set to 000:00:00:00.000
18/11/08 18:35:29 INFO blockmanagement.BlockManager: The block deletion will start around 2018 Nov 08 18:35:29
18/11/08 18:35:29 INFO util.GSet: Computing capacity for map BlocksMap
18/11/08 18:35:29 INFO util.GSet: VM type       = 64-bit
18/11/08 18:35:29 INFO util.GSet: 2.0% max memory 958.5 MB = 19.2 MB
18/11/08 18:35:29 INFO util.GSet: capacity      = 2^21 = 2097152 entries
18/11/08 18:35:29 INFO blockmanagement.BlockManager: dfs.block.access.token.enable=false
18/11/08 18:35:29 INFO blockmanagement.BlockManager: defaultReplication         = 3
18/11/08 18:35:29 INFO blockmanagement.BlockManager: maxReplication             = 512
18/11/08 18:35:29 INFO blockmanagement.BlockManager: minReplication             = 1
18/11/08 18:35:29 INFO blockmanagement.BlockManager: maxReplicationStreams      = 2
18/11/08 18:35:29 INFO blockmanagement.BlockManager: shouldCheckForEnoughRacks  = false
18/11/08 18:35:29 INFO blockmanagement.BlockManager: replicationRecheckInterval = 3000
18/11/08 18:35:29 INFO blockmanagement.BlockManager: encryptDataTransfer        = false
18/11/08 18:35:29 INFO blockmanagement.BlockManager: maxNumBlocksToLog          = 1000
18/11/08 18:35:29 INFO namenode.FSNamesystem: fsOwner             = vsk4762 (auth:SIMPLE)
18/11/08 18:35:29 INFO namenode.FSNamesystem: supergroup          = supergroup
18/11/08 18:35:29 INFO namenode.FSNamesystem: isPermissionEnabled = true
18/11/08 18:35:29 INFO namenode.FSNamesystem: HA Enabled: false
18/11/08 18:35:29 INFO namenode.FSNamesystem: Append Enabled: true
18/11/08 18:35:29 INFO util.GSet: Computing capacity for map INodeMap
18/11/08 18:35:29 INFO util.GSet: VM type       = 64-bit
18/11/08 18:35:29 INFO util.GSet: 1.0% max memory 958.5 MB = 9.6 MB
18/11/08 18:35:29 INFO util.GSet: capacity      = 2^20 = 1048576 entries
18/11/08 18:35:29 INFO namenode.NameNode: Caching file names occuring more than 10 times
18/11/08 18:35:29 INFO util.GSet: Computing capacity for map cachedBlocks
18/11/08 18:35:29 INFO util.GSet: VM type       = 64-bit
18/11/08 18:35:29 INFO util.GSet: 0.25% max memory 958.5 MB = 2.4 MB
18/11/08 18:35:29 INFO util.GSet: capacity      = 2^18 = 262144 entries
18/11/08 18:35:29 INFO namenode.FSNamesystem: dfs.namenode.safemode.threshold-pct = 0.9990000128746033
18/11/08 18:35:29 INFO namenode.FSNamesystem: dfs.namenode.safemode.min.datanodes = 0
18/11/08 18:35:29 INFO namenode.FSNamesystem: dfs.namenode.safemode.extension     = 30000
18/11/08 18:35:29 INFO namenode.FSNamesystem: Retry cache on namenode is enabled
18/11/08 18:35:29 INFO namenode.FSNamesystem: Retry cache will use 0.03 of total heap and retry cache entry expiry time is 600000 millis
18/11/08 18:35:29 INFO util.GSet: Computing capacity for map NameNodeRetryCache
18/11/08 18:35:29 INFO util.GSet: VM type       = 64-bit
18/11/08 18:35:29 INFO util.GSet: 0.029999999329447746% max memory 958.5 MB = 294.5 KB
18/11/08 18:35:29 INFO util.GSet: capacity      = 2^15 = 32768 entries
18/11/08 18:35:29 INFO namenode.NNConf: ACLs enabled? false
18/11/08 18:35:29 INFO namenode.NNConf: XAttrs enabled? true
18/11/08 18:35:29 INFO namenode.NNConf: Maximum size of an xattr: 16384
18/11/08 18:35:29 INFO namenode.FSImage: Allocated new BlockPoolId: BP-271799524-198.202.116.182-1541730929484
18/11/08 18:35:29 INFO common.Storage: Storage directory /scratch/vsk4762/20046102/namenode_data has been successfully formatted.
18/11/08 18:35:29 INFO namenode.NNStorageRetentionManager: Going to retain 1 images with txid >= 0
18/11/08 18:35:29 INFO util.ExitUtil: Exiting with status 0
18/11/08 18:35:29 INFO namenode.NameNode: SHUTDOWN_MSG: 
/************************************************************
SHUTDOWN_MSG: Shutting down NameNode at comet-11-23.sdsc.edu/198.202.116.182
************************************************************/
myHadoop:  
myHadoop: Enabling experimental Spark support
myHadoop: Using SPARK_CONF_DIR=/home/vsk4762/cometcluster/spark
myHadoop:  
To use Spark, you will want to type the following commands:"
  source /home/vsk4762/cometcluster/spark/spark-env.sh
  myspark start
18/11/08 18:35:30 WARN util.NativeCodeLoader: Unable to load native-hadoop library for your platform... using builtin-java classes where applicable
Starting namenodes on [comet-11-23.ibnet]
comet-11-23.ibnet: Warning: untrusted X11 forwarding setup failed: xauth key data not generated
comet-11-23.ibnet: Warning: No xauth data; using fake authentication data for X11 forwarding.
comet-11-23.ibnet: starting namenode, logging to /scratch/vsk4762/20046102/logs/hadoop-vsk4762-namenode-comet-11-23.sdsc.edu.out
comet-11-23.ibnet: Warning: untrusted X11 forwarding setup failed: xauth key data not generated
comet-11-23.ibnet: Warning: No xauth data; using fake authentication data for X11 forwarding.
comet-11-23.ibnet: starting datanode, logging to /scratch/vsk4762/20046102/logs/hadoop-vsk4762-datanode-comet-11-23.sdsc.edu.out
comet-11-59.ibnet: Warning: untrusted X11 forwarding setup failed: xauth key data not generated
comet-11-59.ibnet: Warning: No xauth data; using fake authentication data for X11 forwarding.
comet-11-59.ibnet: starting datanode, logging to /scratch/vsk4762/20046102/logs/hadoop-vsk4762-datanode-comet-11-59.sdsc.edu.out
comet-11-24.ibnet: Warning: untrusted X11 forwarding setup failed: xauth key data not generated
comet-11-24.ibnet: Warning: No xauth data; using fake authentication data for X11 forwarding.
comet-11-24.ibnet: starting datanode, logging to /scratch/vsk4762/20046102/logs/hadoop-vsk4762-datanode-comet-11-24.sdsc.edu.out
Starting secondary namenodes [comet-11-23.ibnet]
comet-11-23.ibnet: Warning: untrusted X11 forwarding setup failed: xauth key data not generated
comet-11-23.ibnet: Warning: No xauth data; using fake authentication data for X11 forwarding.
comet-11-23.ibnet: starting secondarynamenode, logging to /scratch/vsk4762/20046102/logs/hadoop-vsk4762-secondarynamenode-comet-11-23.sdsc.edu.out
18/11/08 18:35:46 WARN util.NativeCodeLoader: Unable to load native-hadoop library for your platform... using builtin-java classes where applicable
starting yarn daemons
starting resourcemanager, logging to /scratch/vsk4762/20046102/logs/yarn-vsk4762-resourcemanager-comet-11-23.out
comet-11-59.ibnet: Warning: untrusted X11 forwarding setup failed: xauth key data not generated
comet-11-59.ibnet: Warning: No xauth data; using fake authentication data for X11 forwarding.
comet-11-59.ibnet: starting nodemanager, logging to /scratch/vsk4762/20046102/logs/yarn-vsk4762-nodemanager-comet-11-59.sdsc.edu.out
comet-11-24.ibnet: Warning: untrusted X11 forwarding setup failed: xauth key data not generated
comet-11-24.ibnet: Warning: No xauth data; using fake authentication data for X11 forwarding.
comet-11-24.ibnet: /usr/bin/xauth:  error in locking authority file /home/vsk4762/.Xauthority
comet-11-24.ibnet: starting nodemanager, logging to /scratch/vsk4762/20046102/logs/yarn-vsk4762-nodemanager-comet-11-24.sdsc.edu.out
comet-11-23.ibnet: Warning: untrusted X11 forwarding setup failed: xauth key data not generated
comet-11-23.ibnet: Warning: No xauth data; using fake authentication data for X11 forwarding.
comet-11-23.ibnet: starting nodemanager, logging to /scratch/vsk4762/20046102/logs/yarn-vsk4762-nodemanager-comet-11-23.sdsc.edu.out
mySpark: Using /home/vsk4762/cometcluster/spark/slaves as our slaves file
mySpark: Reading in /home/vsk4762/cometcluster/spark/spark-env.sh as our slaves file
starting org.apache.spark.deploy.master.Master, logging to /scratch/vsk4762/20046102/logs/spark-vsk4762-org.apache.spark.deploy.master.Master-1-comet-11-23.out
mySpark: Starting worker on comet-11-23.ibnet:
  /opt/spark/1.5.2/sbin/spark-daemon.sh --config /home/vsk4762/cometcluster/spark start org.apache.spark.deploy.worker.Worker 1 spark://comet-11-23.ibnet:7077
Warning: untrusted X11 forwarding setup failed: xauth key data not generated
Warning: No xauth data; using fake authentication data for X11 forwarding.
starting org.apache.spark.deploy.worker.Worker, logging to /scratch/vsk4762/20046102/logs/spark-vsk4762-org.apache.spark.deploy.worker.Worker-1-comet-11-23.sdsc.edu.out
mySpark: Starting worker on comet-11-24.ibnet:
  /opt/spark/1.5.2/sbin/spark-daemon.sh --config /home/vsk4762/cometcluster/spark start org.apache.spark.deploy.worker.Worker 1 spark://comet-11-23.ibnet:7077
Warning: untrusted X11 forwarding setup failed: xauth key data not generated
Warning: No xauth data; using fake authentication data for X11 forwarding.
starting org.apache.spark.deploy.worker.Worker, logging to /scratch/vsk4762/20046102/logs/spark-vsk4762-org.apache.spark.deploy.worker.Worker-1-comet-11-24.sdsc.edu.out
mySpark: Starting worker on comet-11-59.ibnet:
  /opt/spark/1.5.2/sbin/spark-daemon.sh --config /home/vsk4762/cometcluster/spark start org.apache.spark.deploy.worker.Worker 1 spark://comet-11-23.ibnet:7077
Warning: untrusted X11 forwarding setup failed: xauth key data not generated
Warning: No xauth data; using fake authentication data for X11 forwarding.
starting org.apache.spark.deploy.worker.Worker, logging to /scratch/vsk4762/20046102/logs/spark-vsk4762-org.apache.spark.deploy.worker.Worker-1-comet-11-59.sdsc.edu.out
18/11/08 18:35:59 WARN util.NativeCodeLoader: Unable to load native-hadoop library for your platform... using builtin-java classes where applicable
18/11/08 18:36:00 WARN util.NativeCodeLoader: Unable to load native-hadoop library for your platform... using builtin-java classes where applicable
18/11/08 18:36:02 INFO spark.SparkContext: Running Spark version 1.5.2
18/11/08 18:36:02 WARN util.NativeCodeLoader: Unable to load native-hadoop library for your platform... using builtin-java classes where applicable
18/11/08 18:36:03 INFO spark.SecurityManager: Changing view acls to: vsk4762
18/11/08 18:36:03 INFO spark.SecurityManager: Changing modify acls to: vsk4762
18/11/08 18:36:03 INFO spark.SecurityManager: SecurityManager: authentication disabled; ui acls disabled; users with view permissions: Set(vsk4762); users with modify permissions: Set(vsk4762)
18/11/08 18:36:03 INFO slf4j.Slf4jLogger: Slf4jLogger started
18/11/08 18:36:03 INFO Remoting: Starting remoting
18/11/08 18:36:03 INFO Remoting: Remoting started; listening on addresses :[akka.tcp://sparkDriver@10.22.253.96:46827]
18/11/08 18:36:03 INFO util.Utils: Successfully started service 'sparkDriver' on port 46827.
18/11/08 18:36:03 INFO spark.SparkEnv: Registering MapOutputTracker
18/11/08 18:36:03 INFO spark.SparkEnv: Registering BlockManagerMaster
18/11/08 18:36:03 INFO storage.DiskBlockManager: Created local directory at /tmp/blockmgr-c1441d56-ecb3-4bcc-b0de-7cafe1269401
18/11/08 18:36:03 INFO storage.MemoryStore: MemoryStore started with capacity 530.0 MB
18/11/08 18:36:03 INFO spark.HttpFileServer: HTTP File server directory is /tmp/spark-aaa96d9d-2913-476e-a17f-411b6507c960/httpd-32ea9cad-ca6e-4b87-ad84-f97582c1a48d
18/11/08 18:36:03 INFO spark.HttpServer: Starting HTTP Server
18/11/08 18:36:03 INFO server.Server: jetty-8.y.z-SNAPSHOT
18/11/08 18:36:03 INFO server.AbstractConnector: Started SocketConnector@0.0.0.0:36914
18/11/08 18:36:03 INFO util.Utils: Successfully started service 'HTTP file server' on port 36914.
18/11/08 18:36:03 INFO spark.SparkEnv: Registering OutputCommitCoordinator
18/11/08 18:36:03 INFO server.Server: jetty-8.y.z-SNAPSHOT
18/11/08 18:36:03 INFO server.AbstractConnector: Started SelectChannelConnector@0.0.0.0:4040
18/11/08 18:36:03 INFO util.Utils: Successfully started service 'SparkUI' on port 4040.
18/11/08 18:36:03 INFO ui.SparkUI: Started SparkUI at http://10.22.253.96:4040
18/11/08 18:36:03 INFO spark.SparkContext: Added JAR file:/home/vsk4762/project5/partition.jar at http://10.22.253.96:36914/jars/partition.jar with timestamp 1541730963827
18/11/08 18:36:03 WARN metrics.MetricsSystem: Using default name DAGScheduler for source because spark.app.id is not set.
18/11/08 18:36:03 INFO executor.Executor: Starting executor ID driver on host localhost
18/11/08 18:36:03 INFO util.Utils: Successfully started service 'org.apache.spark.network.netty.NettyBlockTransferService' on port 41674.
18/11/08 18:36:03 INFO netty.NettyBlockTransferService: Server created on 41674
18/11/08 18:36:03 INFO storage.BlockManagerMaster: Trying to register BlockManager
18/11/08 18:36:03 INFO storage.BlockManagerMasterEndpoint: Registering block manager localhost:41674 with 530.0 MB RAM, BlockManagerId(driver, localhost, 41674)
18/11/08 18:36:03 INFO storage.BlockManagerMaster: Registered BlockManager
18/11/08 18:36:04 INFO storage.MemoryStore: ensureFreeSpace(120176) called with curMem=0, maxMem=555755765
18/11/08 18:36:04 INFO storage.MemoryStore: Block broadcast_0 stored as values in memory (estimated size 117.4 KB, free 529.9 MB)
18/11/08 18:36:04 INFO storage.MemoryStore: ensureFreeSpace(12889) called with curMem=120176, maxMem=555755765
18/11/08 18:36:04 INFO storage.MemoryStore: Block broadcast_0_piece0 stored as bytes in memory (estimated size 12.6 KB, free 529.9 MB)
18/11/08 18:36:04 INFO storage.BlockManagerInfo: Added broadcast_0_piece0 in memory on localhost:41674 (size: 12.6 KB, free: 530.0 MB)
18/11/08 18:36:04 INFO spark.SparkContext: Created broadcast 0 from textFile at Partition.scala:19
18/11/08 18:36:04 INFO mapred.FileInputFormat: Total input paths to process : 1
18/11/08 18:36:04 INFO spark.SparkContext: Starting job: collect at Partition.scala:99
18/11/08 18:36:04 INFO scheduler.DAGScheduler: Registering RDD 8 (union at Partition.scala:54)
18/11/08 18:36:04 INFO scheduler.DAGScheduler: Registering RDD 14 (union at Partition.scala:78)
18/11/08 18:36:04 INFO scheduler.DAGScheduler: Registering RDD 17 (map at Partition.scala:97)
18/11/08 18:36:04 INFO scheduler.DAGScheduler: Got job 0 (collect at Partition.scala:99) with 8 output partitions
18/11/08 18:36:04 INFO scheduler.DAGScheduler: Final stage: ResultStage 3(collect at Partition.scala:99)
18/11/08 18:36:04 INFO scheduler.DAGScheduler: Parents of final stage: List(ShuffleMapStage 2)
18/11/08 18:36:04 INFO scheduler.DAGScheduler: Missing parents: List(ShuffleMapStage 2)
18/11/08 18:36:04 INFO scheduler.DAGScheduler: Submitting ShuffleMapStage 0 (UnionRDD[8] at union at Partition.scala:54), which has no missing parents
18/11/08 18:36:04 INFO storage.MemoryStore: ensureFreeSpace(5976) called with curMem=133065, maxMem=555755765
18/11/08 18:36:04 INFO storage.MemoryStore: Block broadcast_1 stored as values in memory (estimated size 5.8 KB, free 529.9 MB)
18/11/08 18:36:04 INFO storage.MemoryStore: ensureFreeSpace(3153) called with curMem=139041, maxMem=555755765
18/11/08 18:36:04 INFO storage.MemoryStore: Block broadcast_1_piece0 stored as bytes in memory (estimated size 3.1 KB, free 529.9 MB)
18/11/08 18:36:04 INFO storage.BlockManagerInfo: Added broadcast_1_piece0 in memory on localhost:41674 (size: 3.1 KB, free: 530.0 MB)
18/11/08 18:36:04 INFO spark.SparkContext: Created broadcast 1 from broadcast at DAGScheduler.scala:861
18/11/08 18:36:04 INFO scheduler.DAGScheduler: Submitting 4 missing tasks from ShuffleMapStage 0 (UnionRDD[8] at union at Partition.scala:54)
18/11/08 18:36:04 INFO scheduler.TaskSchedulerImpl: Adding task set 0.0 with 4 tasks
18/11/08 18:36:04 INFO scheduler.TaskSetManager: Starting task 0.0 in stage 0.0 (TID 0, localhost, ANY, 2320 bytes)
18/11/08 18:36:04 INFO scheduler.TaskSetManager: Starting task 1.0 in stage 0.0 (TID 1, localhost, ANY, 2320 bytes)
18/11/08 18:36:04 INFO executor.Executor: Running task 0.0 in stage 0.0 (TID 0)
18/11/08 18:36:04 INFO executor.Executor: Running task 1.0 in stage 0.0 (TID 1)
18/11/08 18:36:04 INFO executor.Executor: Fetching http://10.22.253.96:36914/jars/partition.jar with timestamp 1541730963827
18/11/08 18:36:05 INFO util.Utils: Fetching http://10.22.253.96:36914/jars/partition.jar to /tmp/spark-aaa96d9d-2913-476e-a17f-411b6507c960/userFiles-d1d97df9-0b71-4512-8a04-7333db95e815/fetchFileTemp3930307361726781255.tmp
18/11/08 18:36:05 INFO executor.Executor: Adding file:/tmp/spark-aaa96d9d-2913-476e-a17f-411b6507c960/userFiles-d1d97df9-0b71-4512-8a04-7333db95e815/partition.jar to class loader
18/11/08 18:36:05 INFO rdd.HadoopRDD: Input split: hdfs://comet-11-23.ibnet:54310/user/vsk4762/large-graph.txt:3830185+3830186
18/11/08 18:36:05 INFO rdd.HadoopRDD: Input split: hdfs://comet-11-23.ibnet:54310/user/vsk4762/large-graph.txt:0+3830185
18/11/08 18:36:05 INFO Configuration.deprecation: mapred.tip.id is deprecated. Instead, use mapreduce.task.id
18/11/08 18:36:05 INFO Configuration.deprecation: mapred.task.id is deprecated. Instead, use mapreduce.task.attempt.id
18/11/08 18:36:05 INFO Configuration.deprecation: mapred.task.is.map is deprecated. Instead, use mapreduce.task.ismap
18/11/08 18:36:05 INFO Configuration.deprecation: mapred.task.partition is deprecated. Instead, use mapreduce.task.partition
18/11/08 18:36:05 INFO Configuration.deprecation: mapred.job.id is deprecated. Instead, use mapreduce.job.id
18/11/08 18:36:05 INFO executor.Executor: Finished task 1.0 in stage 0.0 (TID 1). 2256 bytes result sent to driver
18/11/08 18:36:05 INFO executor.Executor: Finished task 0.0 in stage 0.0 (TID 0). 2256 bytes result sent to driver
18/11/08 18:36:05 INFO scheduler.TaskSetManager: Starting task 2.0 in stage 0.0 (TID 2, localhost, ANY, 2320 bytes)
18/11/08 18:36:05 INFO executor.Executor: Running task 2.0 in stage 0.0 (TID 2)
18/11/08 18:36:05 INFO scheduler.TaskSetManager: Starting task 3.0 in stage 0.0 (TID 3, localhost, ANY, 2320 bytes)
18/11/08 18:36:05 INFO executor.Executor: Running task 3.0 in stage 0.0 (TID 3)
18/11/08 18:36:05 INFO rdd.HadoopRDD: Input split: hdfs://comet-11-23.ibnet:54310/user/vsk4762/large-graph.txt:0+3830185
18/11/08 18:36:05 INFO rdd.HadoopRDD: Input split: hdfs://comet-11-23.ibnet:54310/user/vsk4762/large-graph.txt:3830185+3830186
18/11/08 18:36:05 INFO scheduler.TaskSetManager: Finished task 0.0 in stage 0.0 (TID 0) in 789 ms on localhost (1/4)
18/11/08 18:36:05 INFO scheduler.TaskSetManager: Finished task 1.0 in stage 0.0 (TID 1) in 775 ms on localhost (2/4)
18/11/08 18:36:07 INFO executor.Executor: Finished task 2.0 in stage 0.0 (TID 2). 2256 bytes result sent to driver
18/11/08 18:36:07 INFO scheduler.TaskSetManager: Finished task 2.0 in stage 0.0 (TID 2) in 1300 ms on localhost (3/4)
18/11/08 18:36:07 INFO executor.Executor: Finished task 3.0 in stage 0.0 (TID 3). 2256 bytes result sent to driver
18/11/08 18:36:07 INFO scheduler.TaskSetManager: Finished task 3.0 in stage 0.0 (TID 3) in 1301 ms on localhost (4/4)
18/11/08 18:36:07 INFO scheduler.DAGScheduler: ShuffleMapStage 0 (union at Partition.scala:54) finished in 2.094 s
18/11/08 18:36:07 INFO scheduler.TaskSchedulerImpl: Removed TaskSet 0.0, whose tasks have all completed, from pool 
18/11/08 18:36:07 INFO scheduler.DAGScheduler: looking for newly runnable stages
18/11/08 18:36:07 INFO scheduler.DAGScheduler: running: Set()
18/11/08 18:36:07 INFO scheduler.DAGScheduler: waiting: Set(ShuffleMapStage 1, ShuffleMapStage 2, ResultStage 3)
18/11/08 18:36:07 INFO scheduler.DAGScheduler: failed: Set()
18/11/08 18:36:07 INFO scheduler.DAGScheduler: Missing parents for ShuffleMapStage 1: List()
18/11/08 18:36:07 INFO scheduler.DAGScheduler: Missing parents for ShuffleMapStage 2: List(ShuffleMapStage 1)
18/11/08 18:36:07 INFO scheduler.DAGScheduler: Missing parents for ResultStage 3: List(ShuffleMapStage 2)
18/11/08 18:36:07 INFO scheduler.DAGScheduler: Submitting ShuffleMapStage 1 (UnionRDD[14] at union at Partition.scala:78), which is now runnable
18/11/08 18:36:07 INFO storage.MemoryStore: ensureFreeSpace(6856) called with curMem=142194, maxMem=555755765
18/11/08 18:36:07 INFO storage.MemoryStore: Block broadcast_2 stored as values in memory (estimated size 6.7 KB, free 529.9 MB)
18/11/08 18:36:07 INFO storage.MemoryStore: ensureFreeSpace(3505) called with curMem=149050, maxMem=555755765
18/11/08 18:36:07 INFO storage.MemoryStore: Block broadcast_2_piece0 stored as bytes in memory (estimated size 3.4 KB, free 529.9 MB)
18/11/08 18:36:07 INFO storage.BlockManagerInfo: Added broadcast_2_piece0 in memory on localhost:41674 (size: 3.4 KB, free: 530.0 MB)
18/11/08 18:36:07 INFO spark.SparkContext: Created broadcast 2 from broadcast at DAGScheduler.scala:861
18/11/08 18:36:07 INFO scheduler.DAGScheduler: Submitting 8 missing tasks from ShuffleMapStage 1 (UnionRDD[14] at union at Partition.scala:78)
18/11/08 18:36:07 INFO scheduler.TaskSchedulerImpl: Adding task set 1.0 with 8 tasks
18/11/08 18:36:07 INFO scheduler.TaskSetManager: Starting task 0.0 in stage 1.0 (TID 4, localhost, PROCESS_LOCAL, 2053 bytes)
18/11/08 18:36:07 INFO scheduler.TaskSetManager: Starting task 1.0 in stage 1.0 (TID 5, localhost, PROCESS_LOCAL, 2053 bytes)
18/11/08 18:36:07 INFO executor.Executor: Running task 0.0 in stage 1.0 (TID 4)
18/11/08 18:36:07 INFO executor.Executor: Running task 1.0 in stage 1.0 (TID 5)
18/11/08 18:36:07 INFO storage.ShuffleBlockFetcherIterator: Getting 4 non-empty blocks out of 4 blocks
18/11/08 18:36:07 INFO storage.ShuffleBlockFetcherIterator: Getting 4 non-empty blocks out of 4 blocks
18/11/08 18:36:07 INFO storage.ShuffleBlockFetcherIterator: Started 0 remote fetches in 4 ms
18/11/08 18:36:07 INFO storage.ShuffleBlockFetcherIterator: Started 0 remote fetches in 4 ms
18/11/08 18:36:07 INFO storage.BlockManagerInfo: Removed broadcast_1_piece0 on localhost:41674 in memory (size: 3.1 KB, free: 530.0 MB)
18/11/08 18:36:08 INFO executor.Executor: Finished task 1.0 in stage 1.0 (TID 5). 1381 bytes result sent to driver
18/11/08 18:36:08 INFO scheduler.TaskSetManager: Starting task 2.0 in stage 1.0 (TID 6, localhost, PROCESS_LOCAL, 2053 bytes)
18/11/08 18:36:08 INFO executor.Executor: Running task 2.0 in stage 1.0 (TID 6)
18/11/08 18:36:08 INFO scheduler.TaskSetManager: Finished task 1.0 in stage 1.0 (TID 5) in 1234 ms on localhost (1/8)
18/11/08 18:36:08 INFO executor.Executor: Finished task 0.0 in stage 1.0 (TID 4). 1381 bytes result sent to driver
18/11/08 18:36:08 INFO scheduler.TaskSetManager: Starting task 3.0 in stage 1.0 (TID 7, localhost, PROCESS_LOCAL, 2053 bytes)
18/11/08 18:36:08 INFO executor.Executor: Running task 3.0 in stage 1.0 (TID 7)
18/11/08 18:36:08 INFO scheduler.TaskSetManager: Finished task 0.0 in stage 1.0 (TID 4) in 1236 ms on localhost (2/8)
18/11/08 18:36:08 INFO storage.ShuffleBlockFetcherIterator: Getting 4 non-empty blocks out of 4 blocks
18/11/08 18:36:08 INFO storage.ShuffleBlockFetcherIterator: Started 0 remote fetches in 0 ms
18/11/08 18:36:08 INFO storage.ShuffleBlockFetcherIterator: Getting 4 non-empty blocks out of 4 blocks
18/11/08 18:36:08 INFO storage.ShuffleBlockFetcherIterator: Started 0 remote fetches in 0 ms
18/11/08 18:36:09 INFO executor.Executor: Finished task 2.0 in stage 1.0 (TID 6). 1381 bytes result sent to driver
18/11/08 18:36:09 INFO scheduler.TaskSetManager: Starting task 4.0 in stage 1.0 (TID 8, localhost, PROCESS_LOCAL, 2053 bytes)
18/11/08 18:36:09 INFO executor.Executor: Running task 4.0 in stage 1.0 (TID 8)
18/11/08 18:36:09 INFO scheduler.TaskSetManager: Finished task 2.0 in stage 1.0 (TID 6) in 946 ms on localhost (3/8)
18/11/08 18:36:09 INFO executor.Executor: Finished task 3.0 in stage 1.0 (TID 7). 1381 bytes result sent to driver
18/11/08 18:36:09 INFO scheduler.TaskSetManager: Starting task 5.0 in stage 1.0 (TID 9, localhost, PROCESS_LOCAL, 2053 bytes)
18/11/08 18:36:09 INFO executor.Executor: Running task 5.0 in stage 1.0 (TID 9)
18/11/08 18:36:09 INFO scheduler.TaskSetManager: Finished task 3.0 in stage 1.0 (TID 7) in 945 ms on localhost (4/8)
18/11/08 18:36:09 INFO storage.ShuffleBlockFetcherIterator: Getting 4 non-empty blocks out of 4 blocks
18/11/08 18:36:09 INFO storage.ShuffleBlockFetcherIterator: Started 0 remote fetches in 0 ms
18/11/08 18:36:09 INFO storage.ShuffleBlockFetcherIterator: Getting 4 non-empty blocks out of 4 blocks
18/11/08 18:36:09 INFO storage.ShuffleBlockFetcherIterator: Started 0 remote fetches in 0 ms
18/11/08 18:36:10 INFO executor.Executor: Finished task 5.0 in stage 1.0 (TID 9). 1381 bytes result sent to driver
18/11/08 18:36:10 INFO scheduler.TaskSetManager: Starting task 6.0 in stage 1.0 (TID 10, localhost, PROCESS_LOCAL, 2053 bytes)
18/11/08 18:36:10 INFO executor.Executor: Running task 6.0 in stage 1.0 (TID 10)
18/11/08 18:36:10 INFO scheduler.TaskSetManager: Finished task 5.0 in stage 1.0 (TID 9) in 1016 ms on localhost (5/8)
18/11/08 18:36:10 INFO storage.ShuffleBlockFetcherIterator: Getting 4 non-empty blocks out of 4 blocks
18/11/08 18:36:10 INFO storage.ShuffleBlockFetcherIterator: Started 0 remote fetches in 0 ms
18/11/08 18:36:10 INFO executor.Executor: Finished task 4.0 in stage 1.0 (TID 8). 1381 bytes result sent to driver
18/11/08 18:36:10 INFO scheduler.TaskSetManager: Starting task 7.0 in stage 1.0 (TID 11, localhost, PROCESS_LOCAL, 2053 bytes)
18/11/08 18:36:10 INFO executor.Executor: Running task 7.0 in stage 1.0 (TID 11)
18/11/08 18:36:10 INFO scheduler.TaskSetManager: Finished task 4.0 in stage 1.0 (TID 8) in 1024 ms on localhost (6/8)
18/11/08 18:36:10 INFO storage.ShuffleBlockFetcherIterator: Getting 4 non-empty blocks out of 4 blocks
18/11/08 18:36:10 INFO storage.ShuffleBlockFetcherIterator: Started 0 remote fetches in 0 ms
18/11/08 18:36:11 INFO executor.Executor: Finished task 6.0 in stage 1.0 (TID 10). 1381 bytes result sent to driver
18/11/08 18:36:11 INFO scheduler.TaskSetManager: Finished task 6.0 in stage 1.0 (TID 10) in 942 ms on localhost (7/8)
18/11/08 18:36:11 INFO executor.Executor: Finished task 7.0 in stage 1.0 (TID 11). 1381 bytes result sent to driver
18/11/08 18:36:11 INFO scheduler.TaskSetManager: Finished task 7.0 in stage 1.0 (TID 11) in 941 ms on localhost (8/8)
18/11/08 18:36:11 INFO scheduler.DAGScheduler: ShuffleMapStage 1 (union at Partition.scala:78) finished in 4.143 s
18/11/08 18:36:11 INFO scheduler.TaskSchedulerImpl: Removed TaskSet 1.0, whose tasks have all completed, from pool 
18/11/08 18:36:11 INFO scheduler.DAGScheduler: looking for newly runnable stages
18/11/08 18:36:11 INFO scheduler.DAGScheduler: running: Set()
18/11/08 18:36:11 INFO scheduler.DAGScheduler: waiting: Set(ShuffleMapStage 2, ResultStage 3)
18/11/08 18:36:11 INFO scheduler.DAGScheduler: failed: Set()
18/11/08 18:36:11 INFO scheduler.DAGScheduler: Missing parents for ShuffleMapStage 2: List()
18/11/08 18:36:11 INFO scheduler.DAGScheduler: Missing parents for ResultStage 3: List(ShuffleMapStage 2)
18/11/08 18:36:11 INFO scheduler.DAGScheduler: Submitting ShuffleMapStage 2 (MapPartitionsRDD[17] at map at Partition.scala:97), which is now runnable
18/11/08 18:36:11 INFO storage.MemoryStore: ensureFreeSpace(7336) called with curMem=143426, maxMem=555755765
18/11/08 18:36:11 INFO storage.MemoryStore: Block broadcast_3 stored as values in memory (estimated size 7.2 KB, free 529.9 MB)
18/11/08 18:36:11 INFO storage.MemoryStore: ensureFreeSpace(3648) called with curMem=150762, maxMem=555755765
18/11/08 18:36:11 INFO storage.MemoryStore: Block broadcast_3_piece0 stored as bytes in memory (estimated size 3.6 KB, free 529.9 MB)
18/11/08 18:36:11 INFO storage.BlockManagerInfo: Added broadcast_3_piece0 in memory on localhost:41674 (size: 3.6 KB, free: 530.0 MB)
18/11/08 18:36:11 INFO spark.SparkContext: Created broadcast 3 from broadcast at DAGScheduler.scala:861
18/11/08 18:36:11 INFO scheduler.DAGScheduler: Submitting 8 missing tasks from ShuffleMapStage 2 (MapPartitionsRDD[17] at map at Partition.scala:97)
18/11/08 18:36:11 INFO scheduler.TaskSchedulerImpl: Adding task set 2.0 with 8 tasks
18/11/08 18:36:11 INFO scheduler.TaskSetManager: Starting task 0.0 in stage 2.0 (TID 12, localhost, PROCESS_LOCAL, 1944 bytes)
18/11/08 18:36:11 INFO scheduler.TaskSetManager: Starting task 1.0 in stage 2.0 (TID 13, localhost, PROCESS_LOCAL, 1944 bytes)
18/11/08 18:36:11 INFO executor.Executor: Running task 1.0 in stage 2.0 (TID 13)
18/11/08 18:36:11 INFO executor.Executor: Running task 0.0 in stage 2.0 (TID 12)
18/11/08 18:36:11 INFO storage.ShuffleBlockFetcherIterator: Getting 8 non-empty blocks out of 8 blocks
18/11/08 18:36:11 INFO storage.ShuffleBlockFetcherIterator: Getting 8 non-empty blocks out of 8 blocks
18/11/08 18:36:11 INFO storage.ShuffleBlockFetcherIterator: Started 0 remote fetches in 1 ms
18/11/08 18:36:11 INFO storage.ShuffleBlockFetcherIterator: Started 0 remote fetches in 1 ms
18/11/08 18:36:11 INFO executor.Executor: Finished task 1.0 in stage 2.0 (TID 13). 1381 bytes result sent to driver
18/11/08 18:36:11 INFO scheduler.TaskSetManager: Starting task 2.0 in stage 2.0 (TID 14, localhost, PROCESS_LOCAL, 1944 bytes)
18/11/08 18:36:11 INFO executor.Executor: Running task 2.0 in stage 2.0 (TID 14)
18/11/08 18:36:11 INFO scheduler.TaskSetManager: Finished task 1.0 in stage 2.0 (TID 13) in 170 ms on localhost (1/8)
18/11/08 18:36:11 INFO storage.ShuffleBlockFetcherIterator: Getting 8 non-empty blocks out of 8 blocks
18/11/08 18:36:11 INFO storage.ShuffleBlockFetcherIterator: Started 0 remote fetches in 0 ms
18/11/08 18:36:11 INFO executor.Executor: Finished task 2.0 in stage 2.0 (TID 14). 1381 bytes result sent to driver
18/11/08 18:36:11 INFO scheduler.TaskSetManager: Starting task 3.0 in stage 2.0 (TID 15, localhost, PROCESS_LOCAL, 1944 bytes)
18/11/08 18:36:11 INFO executor.Executor: Running task 3.0 in stage 2.0 (TID 15)
18/11/08 18:36:11 INFO scheduler.TaskSetManager: Finished task 2.0 in stage 2.0 (TID 14) in 113 ms on localhost (2/8)
18/11/08 18:36:11 INFO storage.ShuffleBlockFetcherIterator: Getting 8 non-empty blocks out of 8 blocks
18/11/08 18:36:11 INFO storage.ShuffleBlockFetcherIterator: Started 0 remote fetches in 0 ms
18/11/08 18:36:11 INFO executor.Executor: Finished task 0.0 in stage 2.0 (TID 12). 1381 bytes result sent to driver
18/11/08 18:36:11 INFO scheduler.TaskSetManager: Starting task 4.0 in stage 2.0 (TID 16, localhost, PROCESS_LOCAL, 1944 bytes)
18/11/08 18:36:11 INFO executor.Executor: Running task 4.0 in stage 2.0 (TID 16)
18/11/08 18:36:11 INFO scheduler.TaskSetManager: Finished task 0.0 in stage 2.0 (TID 12) in 288 ms on localhost (3/8)
18/11/08 18:36:11 INFO storage.ShuffleBlockFetcherIterator: Getting 8 non-empty blocks out of 8 blocks
18/11/08 18:36:11 INFO storage.ShuffleBlockFetcherIterator: Started 0 remote fetches in 0 ms
18/11/08 18:36:11 INFO executor.Executor: Finished task 3.0 in stage 2.0 (TID 15). 1381 bytes result sent to driver
18/11/08 18:36:11 INFO scheduler.TaskSetManager: Starting task 5.0 in stage 2.0 (TID 17, localhost, PROCESS_LOCAL, 1944 bytes)
18/11/08 18:36:11 INFO executor.Executor: Running task 5.0 in stage 2.0 (TID 17)
18/11/08 18:36:11 INFO scheduler.TaskSetManager: Finished task 3.0 in stage 2.0 (TID 15) in 99 ms on localhost (4/8)
18/11/08 18:36:11 INFO storage.ShuffleBlockFetcherIterator: Getting 8 non-empty blocks out of 8 blocks
18/11/08 18:36:11 INFO storage.ShuffleBlockFetcherIterator: Started 0 remote fetches in 0 ms
18/11/08 18:36:11 INFO executor.Executor: Finished task 4.0 in stage 2.0 (TID 16). 1381 bytes result sent to driver
18/11/08 18:36:11 INFO scheduler.TaskSetManager: Starting task 6.0 in stage 2.0 (TID 18, localhost, PROCESS_LOCAL, 1944 bytes)
18/11/08 18:36:11 INFO executor.Executor: Running task 6.0 in stage 2.0 (TID 18)
18/11/08 18:36:11 INFO scheduler.TaskSetManager: Finished task 4.0 in stage 2.0 (TID 16) in 99 ms on localhost (5/8)
18/11/08 18:36:11 INFO storage.ShuffleBlockFetcherIterator: Getting 8 non-empty blocks out of 8 blocks
18/11/08 18:36:11 INFO storage.ShuffleBlockFetcherIterator: Started 0 remote fetches in 0 ms
18/11/08 18:36:11 INFO executor.Executor: Finished task 5.0 in stage 2.0 (TID 17). 1381 bytes result sent to driver
18/11/08 18:36:11 INFO scheduler.TaskSetManager: Starting task 7.0 in stage 2.0 (TID 19, localhost, PROCESS_LOCAL, 1944 bytes)
18/11/08 18:36:11 INFO executor.Executor: Running task 7.0 in stage 2.0 (TID 19)
18/11/08 18:36:11 INFO scheduler.TaskSetManager: Finished task 5.0 in stage 2.0 (TID 17) in 103 ms on localhost (6/8)
18/11/08 18:36:11 INFO storage.ShuffleBlockFetcherIterator: Getting 8 non-empty blocks out of 8 blocks
18/11/08 18:36:11 INFO storage.ShuffleBlockFetcherIterator: Started 0 remote fetches in 0 ms
18/11/08 18:36:11 INFO executor.Executor: Finished task 6.0 in stage 2.0 (TID 18). 1381 bytes result sent to driver
18/11/08 18:36:11 INFO scheduler.TaskSetManager: Finished task 6.0 in stage 2.0 (TID 18) in 102 ms on localhost (7/8)
18/11/08 18:36:11 INFO executor.Executor: Finished task 7.0 in stage 2.0 (TID 19). 1381 bytes result sent to driver
18/11/08 18:36:11 INFO scheduler.TaskSetManager: Finished task 7.0 in stage 2.0 (TID 19) in 90 ms on localhost (8/8)
18/11/08 18:36:11 INFO scheduler.TaskSchedulerImpl: Removed TaskSet 2.0, whose tasks have all completed, from pool 
18/11/08 18:36:11 INFO scheduler.DAGScheduler: ShuffleMapStage 2 (map at Partition.scala:97) finished in 0.573 s
18/11/08 18:36:11 INFO scheduler.DAGScheduler: looking for newly runnable stages
18/11/08 18:36:11 INFO scheduler.DAGScheduler: running: Set()
18/11/08 18:36:11 INFO scheduler.DAGScheduler: waiting: Set(ResultStage 3)
18/11/08 18:36:11 INFO scheduler.DAGScheduler: failed: Set()
18/11/08 18:36:11 INFO scheduler.DAGScheduler: Missing parents for ResultStage 3: List()
18/11/08 18:36:11 INFO scheduler.DAGScheduler: Submitting ResultStage 3 (ShuffledRDD[18] at reduceByKey at Partition.scala:97), which is now runnable
18/11/08 18:36:11 INFO storage.MemoryStore: ensureFreeSpace(2280) called with curMem=154410, maxMem=555755765
18/11/08 18:36:11 INFO storage.MemoryStore: Block broadcast_4 stored as values in memory (estimated size 2.2 KB, free 529.9 MB)
18/11/08 18:36:11 INFO storage.MemoryStore: ensureFreeSpace(1369) called with curMem=156690, maxMem=555755765
18/11/08 18:36:11 INFO storage.MemoryStore: Block broadcast_4_piece0 stored as bytes in memory (estimated size 1369.0 B, free 529.9 MB)
18/11/08 18:36:11 INFO storage.BlockManagerInfo: Added broadcast_4_piece0 in memory on localhost:41674 (size: 1369.0 B, free: 530.0 MB)
18/11/08 18:36:11 INFO spark.SparkContext: Created broadcast 4 from broadcast at DAGScheduler.scala:861
18/11/08 18:36:11 INFO scheduler.DAGScheduler: Submitting 8 missing tasks from ResultStage 3 (ShuffledRDD[18] at reduceByKey at Partition.scala:97)
18/11/08 18:36:11 INFO scheduler.TaskSchedulerImpl: Adding task set 3.0 with 8 tasks
18/11/08 18:36:11 INFO scheduler.TaskSetManager: Starting task 0.0 in stage 3.0 (TID 20, localhost, PROCESS_LOCAL, 1955 bytes)
18/11/08 18:36:11 INFO scheduler.TaskSetManager: Starting task 1.0 in stage 3.0 (TID 21, localhost, PROCESS_LOCAL, 1955 bytes)
18/11/08 18:36:11 INFO executor.Executor: Running task 0.0 in stage 3.0 (TID 20)
18/11/08 18:36:11 INFO executor.Executor: Running task 1.0 in stage 3.0 (TID 21)
18/11/08 18:36:11 INFO storage.ShuffleBlockFetcherIterator: Getting 8 non-empty blocks out of 8 blocks
18/11/08 18:36:11 INFO storage.ShuffleBlockFetcherIterator: Getting 8 non-empty blocks out of 8 blocks
18/11/08 18:36:11 INFO storage.ShuffleBlockFetcherIterator: Started 0 remote fetches in 0 ms
18/11/08 18:36:11 INFO storage.ShuffleBlockFetcherIterator: Started 0 remote fetches in 0 ms
18/11/08 18:36:11 INFO executor.Executor: Finished task 0.0 in stage 3.0 (TID 20). 617095 bytes result sent to driver
18/11/08 18:36:11 INFO executor.Executor: Finished task 1.0 in stage 3.0 (TID 21). 617636 bytes result sent to driver
18/11/08 18:36:11 INFO scheduler.TaskSetManager: Starting task 2.0 in stage 3.0 (TID 22, localhost, PROCESS_LOCAL, 1955 bytes)
18/11/08 18:36:11 INFO executor.Executor: Running task 2.0 in stage 3.0 (TID 22)
18/11/08 18:36:11 INFO scheduler.TaskSetManager: Starting task 3.0 in stage 3.0 (TID 23, localhost, PROCESS_LOCAL, 1955 bytes)
18/11/08 18:36:11 INFO executor.Executor: Running task 3.0 in stage 3.0 (TID 23)
18/11/08 18:36:11 INFO storage.ShuffleBlockFetcherIterator: Getting 8 non-empty blocks out of 8 blocks
18/11/08 18:36:11 INFO storage.ShuffleBlockFetcherIterator: Getting 8 non-empty blocks out of 8 blocks
18/11/08 18:36:11 INFO storage.ShuffleBlockFetcherIterator: Started 0 remote fetches in 0 ms
18/11/08 18:36:11 INFO storage.ShuffleBlockFetcherIterator: Started 0 remote fetches in 0 ms
18/11/08 18:36:11 INFO scheduler.TaskSetManager: Finished task 0.0 in stage 3.0 (TID 20) in 87 ms on localhost (1/8)
18/11/08 18:36:11 INFO scheduler.TaskSetManager: Finished task 1.0 in stage 3.0 (TID 21) in 86 ms on localhost (2/8)
18/11/08 18:36:11 INFO executor.Executor: Finished task 3.0 in stage 3.0 (TID 23). 618503 bytes result sent to driver
18/11/08 18:36:11 INFO scheduler.TaskSetManager: Starting task 4.0 in stage 3.0 (TID 24, localhost, PROCESS_LOCAL, 1955 bytes)
18/11/08 18:36:11 INFO executor.Executor: Finished task 2.0 in stage 3.0 (TID 22). 625688 bytes result sent to driver
18/11/08 18:36:11 INFO executor.Executor: Running task 4.0 in stage 3.0 (TID 24)
18/11/08 18:36:11 INFO scheduler.TaskSetManager: Starting task 5.0 in stage 3.0 (TID 25, localhost, PROCESS_LOCAL, 1955 bytes)
18/11/08 18:36:11 INFO executor.Executor: Running task 5.0 in stage 3.0 (TID 25)
18/11/08 18:36:11 INFO storage.ShuffleBlockFetcherIterator: Getting 8 non-empty blocks out of 8 blocks
18/11/08 18:36:11 INFO storage.ShuffleBlockFetcherIterator: Getting 8 non-empty blocks out of 8 blocks
18/11/08 18:36:11 INFO storage.ShuffleBlockFetcherIterator: Started 0 remote fetches in 0 ms
18/11/08 18:36:11 INFO storage.ShuffleBlockFetcherIterator: Started 0 remote fetches in 0 ms
18/11/08 18:36:11 INFO scheduler.TaskSetManager: Finished task 3.0 in stage 3.0 (TID 23) in 69 ms on localhost (3/8)
18/11/08 18:36:11 INFO scheduler.TaskSetManager: Finished task 2.0 in stage 3.0 (TID 22) in 69 ms on localhost (4/8)
18/11/08 18:36:11 INFO executor.Executor: Finished task 5.0 in stage 3.0 (TID 25). 614623 bytes result sent to driver
18/11/08 18:36:11 INFO scheduler.TaskSetManager: Starting task 6.0 in stage 3.0 (TID 26, localhost, PROCESS_LOCAL, 1955 bytes)
18/11/08 18:36:11 INFO executor.Executor: Running task 6.0 in stage 3.0 (TID 26)
18/11/08 18:36:11 INFO executor.Executor: Finished task 4.0 in stage 3.0 (TID 24). 625630 bytes result sent to driver
18/11/08 18:36:11 INFO scheduler.TaskSetManager: Starting task 7.0 in stage 3.0 (TID 27, localhost, PROCESS_LOCAL, 1955 bytes)
18/11/08 18:36:11 INFO executor.Executor: Running task 7.0 in stage 3.0 (TID 27)
18/11/08 18:36:11 INFO storage.ShuffleBlockFetcherIterator: Getting 8 non-empty blocks out of 8 blocks
18/11/08 18:36:11 INFO storage.ShuffleBlockFetcherIterator: Started 0 remote fetches in 0 ms
18/11/08 18:36:11 INFO storage.ShuffleBlockFetcherIterator: Getting 8 non-empty blocks out of 8 blocks
18/11/08 18:36:11 INFO storage.ShuffleBlockFetcherIterator: Started 0 remote fetches in 0 ms
18/11/08 18:36:11 INFO scheduler.TaskSetManager: Finished task 5.0 in stage 3.0 (TID 25) in 62 ms on localhost (5/8)
18/11/08 18:36:11 INFO scheduler.TaskSetManager: Finished task 4.0 in stage 3.0 (TID 24) in 64 ms on localhost (6/8)
18/11/08 18:36:12 INFO executor.Executor: Finished task 6.0 in stage 3.0 (TID 26). 616743 bytes result sent to driver
18/11/08 18:36:12 INFO executor.Executor: Finished task 7.0 in stage 3.0 (TID 27). 618572 bytes result sent to driver
18/11/08 18:36:12 INFO scheduler.TaskSetManager: Finished task 7.0 in stage 3.0 (TID 27) in 63 ms on localhost (7/8)
18/11/08 18:36:12 INFO scheduler.TaskSetManager: Finished task 6.0 in stage 3.0 (TID 26) in 64 ms on localhost (8/8)
18/11/08 18:36:12 INFO scheduler.DAGScheduler: ResultStage 3 (collect at Partition.scala:99) finished in 0.245 s
18/11/08 18:36:12 INFO scheduler.TaskSchedulerImpl: Removed TaskSet 3.0, whose tasks have all completed, from pool 
18/11/08 18:36:12 INFO scheduler.DAGScheduler: Job 0 finished: collect at Partition.scala:99, took 7.126562 s
(29,13268)
(21958,15692)
(85396,9828)
(81217,9125)
(10147,12112)
(9943,8445)
(67668,10523)
(40720,7190)
(24310,5401)
(59780,8416)
18/11/08 18:36:12 INFO handler.ContextHandler: stopped o.s.j.s.ServletContextHandler{/metrics/json,null}
18/11/08 18:36:12 INFO handler.ContextHandler: stopped o.s.j.s.ServletContextHandler{/stages/stage/kill,null}
18/11/08 18:36:12 INFO handler.ContextHandler: stopped o.s.j.s.ServletContextHandler{/api,null}
18/11/08 18:36:12 INFO handler.ContextHandler: stopped o.s.j.s.ServletContextHandler{/,null}
18/11/08 18:36:12 INFO handler.ContextHandler: stopped o.s.j.s.ServletContextHandler{/static,null}
18/11/08 18:36:12 INFO handler.ContextHandler: stopped o.s.j.s.ServletContextHandler{/executors/threadDump/json,null}
18/11/08 18:36:12 INFO handler.ContextHandler: stopped o.s.j.s.ServletContextHandler{/executors/threadDump,null}
18/11/08 18:36:12 INFO handler.ContextHandler: stopped o.s.j.s.ServletContextHandler{/executors/json,null}
18/11/08 18:36:12 INFO handler.ContextHandler: stopped o.s.j.s.ServletContextHandler{/executors,null}
18/11/08 18:36:12 INFO handler.ContextHandler: stopped o.s.j.s.ServletContextHandler{/environment/json,null}
18/11/08 18:36:12 INFO handler.ContextHandler: stopped o.s.j.s.ServletContextHandler{/environment,null}
18/11/08 18:36:12 INFO handler.ContextHandler: stopped o.s.j.s.ServletContextHandler{/storage/rdd/json,null}
18/11/08 18:36:12 INFO handler.ContextHandler: stopped o.s.j.s.ServletContextHandler{/storage/rdd,null}
18/11/08 18:36:12 INFO handler.ContextHandler: stopped o.s.j.s.ServletContextHandler{/storage/json,null}
18/11/08 18:36:12 INFO handler.ContextHandler: stopped o.s.j.s.ServletContextHandler{/storage,null}
18/11/08 18:36:12 INFO handler.ContextHandler: stopped o.s.j.s.ServletContextHandler{/stages/pool/json,null}
18/11/08 18:36:12 INFO handler.ContextHandler: stopped o.s.j.s.ServletContextHandler{/stages/pool,null}
18/11/08 18:36:12 INFO handler.ContextHandler: stopped o.s.j.s.ServletContextHandler{/stages/stage/json,null}
18/11/08 18:36:12 INFO handler.ContextHandler: stopped o.s.j.s.ServletContextHandler{/stages/stage,null}
18/11/08 18:36:12 INFO handler.ContextHandler: stopped o.s.j.s.ServletContextHandler{/stages/json,null}
18/11/08 18:36:12 INFO handler.ContextHandler: stopped o.s.j.s.ServletContextHandler{/stages,null}
18/11/08 18:36:12 INFO handler.ContextHandler: stopped o.s.j.s.ServletContextHandler{/jobs/job/json,null}
18/11/08 18:36:12 INFO handler.ContextHandler: stopped o.s.j.s.ServletContextHandler{/jobs/job,null}
18/11/08 18:36:12 INFO handler.ContextHandler: stopped o.s.j.s.ServletContextHandler{/jobs/json,null}
18/11/08 18:36:12 INFO handler.ContextHandler: stopped o.s.j.s.ServletContextHandler{/jobs,null}
18/11/08 18:36:12 INFO ui.SparkUI: Stopped Spark web UI at http://10.22.253.96:4040
18/11/08 18:36:12 INFO scheduler.DAGScheduler: Stopping DAGScheduler
18/11/08 18:36:12 INFO spark.MapOutputTrackerMasterEndpoint: MapOutputTrackerMasterEndpoint stopped!
18/11/08 18:36:12 INFO storage.MemoryStore: MemoryStore cleared
18/11/08 18:36:12 INFO storage.BlockManager: BlockManager stopped
18/11/08 18:36:12 INFO storage.BlockManagerMaster: BlockManagerMaster stopped
18/11/08 18:36:12 INFO scheduler.OutputCommitCoordinator$OutputCommitCoordinatorEndpoint: OutputCommitCoordinator stopped!
18/11/08 18:36:12 INFO spark.SparkContext: Successfully stopped SparkContext
18/11/08 18:36:12 INFO util.ShutdownHookManager: Shutdown hook called
18/11/08 18:36:12 INFO util.ShutdownHookManager: Deleting directory /tmp/spark-aaa96d9d-2913-476e-a17f-411b6507c960
18/11/08 18:36:12 INFO remote.RemoteActorRefProvider$RemotingTerminator: Shutting down remote daemon.
18/11/08 18:36:12 INFO remote.RemoteActorRefProvider$RemotingTerminator: Remote daemon shut down; proceeding with flushing remote transports.
18/11/08 18:36:12 INFO remote.RemoteActorRefProvider$RemotingTerminator: Remoting shut down.
stopping yarn daemons
stopping resourcemanager
comet-11-59.ibnet: Warning: untrusted X11 forwarding setup failed: xauth key data not generated
comet-11-59.ibnet: Warning: No xauth data; using fake authentication data for X11 forwarding.
comet-11-59.ibnet: stopping nodemanager
comet-11-23.ibnet: Warning: untrusted X11 forwarding setup failed: xauth key data not generated
comet-11-23.ibnet: Warning: No xauth data; using fake authentication data for X11 forwarding.
comet-11-23.ibnet: stopping nodemanager
comet-11-24.ibnet: Warning: untrusted X11 forwarding setup failed: xauth key data not generated
comet-11-24.ibnet: Warning: No xauth data; using fake authentication data for X11 forwarding.
comet-11-24.ibnet: /usr/bin/xauth:  error in locking authority file /home/vsk4762/.Xauthority
comet-11-24.ibnet: stopping nodemanager
no proxyserver to stop
18/11/08 18:36:24 WARN util.NativeCodeLoader: Unable to load native-hadoop library for your platform... using builtin-java classes where applicable
Stopping namenodes on [comet-11-23.ibnet]
comet-11-23.ibnet: Warning: untrusted X11 forwarding setup failed: xauth key data not generated
comet-11-23.ibnet: Warning: No xauth data; using fake authentication data for X11 forwarding.
comet-11-23.ibnet: stopping namenode
comet-11-59.ibnet: Warning: untrusted X11 forwarding setup failed: xauth key data not generated
comet-11-59.ibnet: Warning: No xauth data; using fake authentication data for X11 forwarding.
comet-11-59.ibnet: stopping datanode
comet-11-23.ibnet: Warning: untrusted X11 forwarding setup failed: xauth key data not generated
comet-11-23.ibnet: Warning: No xauth data; using fake authentication data for X11 forwarding.
comet-11-23.ibnet: stopping datanode
comet-11-24.ibnet: Warning: untrusted X11 forwarding setup failed: xauth key data not generated
comet-11-24.ibnet: Warning: No xauth data; using fake authentication data for X11 forwarding.
comet-11-24.ibnet: /usr/bin/xauth:  error in locking authority file /home/vsk4762/.Xauthority
comet-11-24.ibnet: stopping datanode
Stopping secondary namenodes [comet-11-23.ibnet]
comet-11-23.ibnet: Warning: untrusted X11 forwarding setup failed: xauth key data not generated
comet-11-23.ibnet: Warning: No xauth data; using fake authentication data for X11 forwarding.
comet-11-23.ibnet: stopping secondarynamenode
18/11/08 18:36:43 WARN util.NativeCodeLoader: Unable to load native-hadoop library for your platform... using builtin-java classes where applicable
Copying Hadoop logs back to /home/vsk4762/cometcluster/logs...
`/scratch/vsk4762/20046102/logs' -> `/home/vsk4762/cometcluster/logs'
`/scratch/vsk4762/20046102/logs/spark-vsk4762-org.apache.spark.deploy.master.Master-1-comet-11-23.out' -> `/home/vsk4762/cometcluster/logs/spark-vsk4762-org.apache.spark.deploy.master.Master-1-comet-11-23.out'
`/scratch/vsk4762/20046102/logs/yarn-vsk4762-nodemanager-comet-11-23.sdsc.edu.out' -> `/home/vsk4762/cometcluster/logs/yarn-vsk4762-nodemanager-comet-11-23.sdsc.edu.out'
`/scratch/vsk4762/20046102/logs/userlogs' -> `/home/vsk4762/cometcluster/logs/userlogs'
`/scratch/vsk4762/20046102/logs/hadoop-vsk4762-namenode-comet-11-23.sdsc.edu.log' -> `/home/vsk4762/cometcluster/logs/hadoop-vsk4762-namenode-comet-11-23.sdsc.edu.log'
`/scratch/vsk4762/20046102/logs/hadoop-vsk4762-datanode-comet-11-23.sdsc.edu.log' -> `/home/vsk4762/cometcluster/logs/hadoop-vsk4762-datanode-comet-11-23.sdsc.edu.log'
`/scratch/vsk4762/20046102/logs/yarn-vsk4762-resourcemanager-comet-11-23.log' -> `/home/vsk4762/cometcluster/logs/yarn-vsk4762-resourcemanager-comet-11-23.log'
`/scratch/vsk4762/20046102/logs/hadoop-vsk4762-secondarynamenode-comet-11-23.sdsc.edu.log' -> `/home/vsk4762/cometcluster/logs/hadoop-vsk4762-secondarynamenode-comet-11-23.sdsc.edu.log'
`/scratch/vsk4762/20046102/logs/yarn-vsk4762-resourcemanager-comet-11-23.out' -> `/home/vsk4762/cometcluster/logs/yarn-vsk4762-resourcemanager-comet-11-23.out'
`/scratch/vsk4762/20046102/logs/hadoop-vsk4762-datanode-comet-11-23.sdsc.edu.out' -> `/home/vsk4762/cometcluster/logs/hadoop-vsk4762-datanode-comet-11-23.sdsc.edu.out'
`/scratch/vsk4762/20046102/logs/hadoop-vsk4762-secondarynamenode-comet-11-23.sdsc.edu.out' -> `/home/vsk4762/cometcluster/logs/hadoop-vsk4762-secondarynamenode-comet-11-23.sdsc.edu.out'
`/scratch/vsk4762/20046102/logs/spark-vsk4762-org.apache.spark.deploy.worker.Worker-1-comet-11-23.sdsc.edu.out' -> `/home/vsk4762/cometcluster/logs/spark-vsk4762-org.apache.spark.deploy.worker.Worker-1-comet-11-23.sdsc.edu.out'
`/scratch/vsk4762/20046102/logs/hadoop-vsk4762-namenode-comet-11-23.sdsc.edu.out' -> `/home/vsk4762/cometcluster/logs/hadoop-vsk4762-namenode-comet-11-23.sdsc.edu.out'
`/scratch/vsk4762/20046102/logs/SecurityAuth-vsk4762.audit' -> `/home/vsk4762/cometcluster/logs/SecurityAuth-vsk4762.audit'
`/scratch/vsk4762/20046102/logs/yarn-vsk4762-nodemanager-comet-11-23.sdsc.edu.log' -> `/home/vsk4762/cometcluster/logs/yarn-vsk4762-nodemanager-comet-11-23.sdsc.edu.log'
Warning: untrusted X11 forwarding setup failed: xauth key data not generated
Warning: No xauth data; using fake authentication data for X11 forwarding.
removed directory: `/scratch/vsk4762/20046102/mapred_scratch/usercache'
removed directory: `/scratch/vsk4762/20046102/mapred_scratch/nmPrivate'
removed directory: `/scratch/vsk4762/20046102/mapred_scratch/filecache'
removed directory: `/scratch/vsk4762/20046102/mapred_scratch'
removed directory: `/scratch/vsk4762/20046102/tmp/dfs/namesecondary'
removed directory: `/scratch/vsk4762/20046102/tmp/dfs'
removed directory: `/scratch/vsk4762/20046102/tmp'
removed `/scratch/vsk4762/20046102/namenode_data/current/edits_inprogress_0000000000000000001'
removed `/scratch/vsk4762/20046102/namenode_data/current/VERSION'
removed `/scratch/vsk4762/20046102/namenode_data/current/seen_txid'
removed `/scratch/vsk4762/20046102/namenode_data/current/fsimage_0000000000000000000'
removed `/scratch/vsk4762/20046102/namenode_data/current/fsimage_0000000000000000000.md5'
removed directory: `/scratch/vsk4762/20046102/namenode_data/current'
removed directory: `/scratch/vsk4762/20046102/namenode_data'
removed directory: `/scratch/vsk4762/20046102/hdfs_data/current/BP-271799524-198.202.116.182-1541730929484/tmp'
removed `/scratch/vsk4762/20046102/hdfs_data/current/BP-271799524-198.202.116.182-1541730929484/current/finalized/subdir0/subdir0/blk_1073741825_1001.meta'
removed `/scratch/vsk4762/20046102/hdfs_data/current/BP-271799524-198.202.116.182-1541730929484/current/finalized/subdir0/subdir0/blk_1073741825'
removed directory: `/scratch/vsk4762/20046102/hdfs_data/current/BP-271799524-198.202.116.182-1541730929484/current/finalized/subdir0/subdir0'
removed directory: `/scratch/vsk4762/20046102/hdfs_data/current/BP-271799524-198.202.116.182-1541730929484/current/finalized/subdir0'
removed directory: `/scratch/vsk4762/20046102/hdfs_data/current/BP-271799524-198.202.116.182-1541730929484/current/finalized'
removed `/scratch/vsk4762/20046102/hdfs_data/current/BP-271799524-198.202.116.182-1541730929484/current/dfsUsed'
removed directory: `/scratch/vsk4762/20046102/hdfs_data/current/BP-271799524-198.202.116.182-1541730929484/current/rbw'
removed `/scratch/vsk4762/20046102/hdfs_data/current/BP-271799524-198.202.116.182-1541730929484/current/VERSION'
removed directory: `/scratch/vsk4762/20046102/hdfs_data/current/BP-271799524-198.202.116.182-1541730929484/current'
removed `/scratch/vsk4762/20046102/hdfs_data/current/BP-271799524-198.202.116.182-1541730929484/dncp_block_verification.log.curr'
removed `/scratch/vsk4762/20046102/hdfs_data/current/BP-271799524-198.202.116.182-1541730929484/dncp_block_verification.log.prev'
removed directory: `/scratch/vsk4762/20046102/hdfs_data/current/BP-271799524-198.202.116.182-1541730929484'
removed `/scratch/vsk4762/20046102/hdfs_data/current/VERSION'
removed directory: `/scratch/vsk4762/20046102/hdfs_data/current'
removed directory: `/scratch/vsk4762/20046102/hdfs_data'
removed directory: `/scratch/vsk4762/20046102/pids'
removed `/scratch/vsk4762/20046102/logs/spark-vsk4762-org.apache.spark.deploy.master.Master-1-comet-11-23.out'
removed `/scratch/vsk4762/20046102/logs/yarn-vsk4762-nodemanager-comet-11-23.sdsc.edu.out'
removed directory: `/scratch/vsk4762/20046102/logs/userlogs'
removed `/scratch/vsk4762/20046102/logs/hadoop-vsk4762-namenode-comet-11-23.sdsc.edu.log'
removed `/scratch/vsk4762/20046102/logs/hadoop-vsk4762-datanode-comet-11-23.sdsc.edu.log'
removed `/scratch/vsk4762/20046102/logs/yarn-vsk4762-resourcemanager-comet-11-23.log'
removed `/scratch/vsk4762/20046102/logs/hadoop-vsk4762-secondarynamenode-comet-11-23.sdsc.edu.log'
removed `/scratch/vsk4762/20046102/logs/yarn-vsk4762-resourcemanager-comet-11-23.out'
removed `/scratch/vsk4762/20046102/logs/hadoop-vsk4762-datanode-comet-11-23.sdsc.edu.out'
removed `/scratch/vsk4762/20046102/logs/hadoop-vsk4762-secondarynamenode-comet-11-23.sdsc.edu.out'
removed `/scratch/vsk4762/20046102/logs/spark-vsk4762-org.apache.spark.deploy.worker.Worker-1-comet-11-23.sdsc.edu.out'
removed `/scratch/vsk4762/20046102/logs/hadoop-vsk4762-namenode-comet-11-23.sdsc.edu.out'
removed `/scratch/vsk4762/20046102/logs/SecurityAuth-vsk4762.audit'
removed `/scratch/vsk4762/20046102/logs/yarn-vsk4762-nodemanager-comet-11-23.sdsc.edu.log'
removed directory: `/scratch/vsk4762/20046102/logs'
Warning: untrusted X11 forwarding setup failed: xauth key data not generated
Warning: No xauth data; using fake authentication data for X11 forwarding.
removed directory: `/scratch/vsk4762/20046102/mapred_scratch/usercache'
removed directory: `/scratch/vsk4762/20046102/mapred_scratch/nmPrivate'
removed directory: `/scratch/vsk4762/20046102/mapred_scratch/filecache'
removed directory: `/scratch/vsk4762/20046102/mapred_scratch'
removed directory: `/scratch/vsk4762/20046102/hdfs_data/current/BP-271799524-198.202.116.182-1541730929484/tmp'
removed `/scratch/vsk4762/20046102/hdfs_data/current/BP-271799524-198.202.116.182-1541730929484/dncp_block_verification.log.curr'
removed `/scratch/vsk4762/20046102/hdfs_data/current/BP-271799524-198.202.116.182-1541730929484/current/VERSION'
removed `/scratch/vsk4762/20046102/hdfs_data/current/BP-271799524-198.202.116.182-1541730929484/current/dfsUsed'
removed `/scratch/vsk4762/20046102/hdfs_data/current/BP-271799524-198.202.116.182-1541730929484/current/finalized/subdir0/subdir0/blk_1073741825_1001.meta'
removed `/scratch/vsk4762/20046102/hdfs_data/current/BP-271799524-198.202.116.182-1541730929484/current/finalized/subdir0/subdir0/blk_1073741825'
removed directory: `/scratch/vsk4762/20046102/hdfs_data/current/BP-271799524-198.202.116.182-1541730929484/current/finalized/subdir0/subdir0'
removed directory: `/scratch/vsk4762/20046102/hdfs_data/current/BP-271799524-198.202.116.182-1541730929484/current/finalized/subdir0'
removed directory: `/scratch/vsk4762/20046102/hdfs_data/current/BP-271799524-198.202.116.182-1541730929484/current/finalized'
removed directory: `/scratch/vsk4762/20046102/hdfs_data/current/BP-271799524-198.202.116.182-1541730929484/current/rbw'
removed directory: `/scratch/vsk4762/20046102/hdfs_data/current/BP-271799524-198.202.116.182-1541730929484/current'
removed `/scratch/vsk4762/20046102/hdfs_data/current/BP-271799524-198.202.116.182-1541730929484/dncp_block_verification.log.prev'
removed directory: `/scratch/vsk4762/20046102/hdfs_data/current/BP-271799524-198.202.116.182-1541730929484'
removed `/scratch/vsk4762/20046102/hdfs_data/current/VERSION'
removed directory: `/scratch/vsk4762/20046102/hdfs_data/current'
removed directory: `/scratch/vsk4762/20046102/hdfs_data'
removed directory: `/scratch/vsk4762/20046102/pids'
removed `/scratch/vsk4762/20046102/logs/hadoop-vsk4762-datanode-comet-11-24.sdsc.edu.out'
removed directory: `/scratch/vsk4762/20046102/logs/userlogs'
removed `/scratch/vsk4762/20046102/logs/yarn-vsk4762-nodemanager-comet-11-24.sdsc.edu.log'
removed `/scratch/vsk4762/20046102/logs/yarn-vsk4762-nodemanager-comet-11-24.sdsc.edu.out'
removed `/scratch/vsk4762/20046102/logs/spark-vsk4762-org.apache.spark.deploy.worker.Worker-1-comet-11-24.sdsc.edu.out'
removed `/scratch/vsk4762/20046102/logs/hadoop-vsk4762-datanode-comet-11-24.sdsc.edu.log'
removed `/scratch/vsk4762/20046102/logs/SecurityAuth-vsk4762.audit'
removed directory: `/scratch/vsk4762/20046102/logs'
Warning: untrusted X11 forwarding setup failed: xauth key data not generated
Warning: No xauth data; using fake authentication data for X11 forwarding.
removed directory: `/scratch/vsk4762/20046102/mapred_scratch/filecache'
removed directory: `/scratch/vsk4762/20046102/mapred_scratch/nmPrivate'
removed directory: `/scratch/vsk4762/20046102/mapred_scratch/usercache'
removed directory: `/scratch/vsk4762/20046102/mapred_scratch'
removed `/scratch/vsk4762/20046102/hdfs_data/current/BP-271799524-198.202.116.182-1541730929484/current/finalized/subdir0/subdir0/blk_1073741825_1001.meta'
removed `/scratch/vsk4762/20046102/hdfs_data/current/BP-271799524-198.202.116.182-1541730929484/current/finalized/subdir0/subdir0/blk_1073741825'
removed directory: `/scratch/vsk4762/20046102/hdfs_data/current/BP-271799524-198.202.116.182-1541730929484/current/finalized/subdir0/subdir0'
removed directory: `/scratch/vsk4762/20046102/hdfs_data/current/BP-271799524-198.202.116.182-1541730929484/current/finalized/subdir0'
removed directory: `/scratch/vsk4762/20046102/hdfs_data/current/BP-271799524-198.202.116.182-1541730929484/current/finalized'
removed `/scratch/vsk4762/20046102/hdfs_data/current/BP-271799524-198.202.116.182-1541730929484/current/dfsUsed'
removed directory: `/scratch/vsk4762/20046102/hdfs_data/current/BP-271799524-198.202.116.182-1541730929484/current/rbw'
removed `/scratch/vsk4762/20046102/hdfs_data/current/BP-271799524-198.202.116.182-1541730929484/current/VERSION'
removed directory: `/scratch/vsk4762/20046102/hdfs_data/current/BP-271799524-198.202.116.182-1541730929484/current'
removed directory: `/scratch/vsk4762/20046102/hdfs_data/current/BP-271799524-198.202.116.182-1541730929484/tmp'
removed `/scratch/vsk4762/20046102/hdfs_data/current/BP-271799524-198.202.116.182-1541730929484/dncp_block_verification.log.curr'
removed `/scratch/vsk4762/20046102/hdfs_data/current/BP-271799524-198.202.116.182-1541730929484/dncp_block_verification.log.prev'
removed directory: `/scratch/vsk4762/20046102/hdfs_data/current/BP-271799524-198.202.116.182-1541730929484'
removed `/scratch/vsk4762/20046102/hdfs_data/current/VERSION'
removed directory: `/scratch/vsk4762/20046102/hdfs_data/current'
removed directory: `/scratch/vsk4762/20046102/hdfs_data'
removed directory: `/scratch/vsk4762/20046102/pids'
removed directory: `/scratch/vsk4762/20046102/logs/userlogs'
removed `/scratch/vsk4762/20046102/logs/yarn-vsk4762-nodemanager-comet-11-59.sdsc.edu.out'
removed `/scratch/vsk4762/20046102/logs/hadoop-vsk4762-datanode-comet-11-59.sdsc.edu.log'
removed `/scratch/vsk4762/20046102/logs/yarn-vsk4762-nodemanager-comet-11-59.sdsc.edu.log'
removed `/scratch/vsk4762/20046102/logs/hadoop-vsk4762-datanode-comet-11-59.sdsc.edu.out'
removed `/scratch/vsk4762/20046102/logs/spark-vsk4762-org.apache.spark.deploy.worker.Worker-1-comet-11-59.sdsc.edu.out'
removed `/scratch/vsk4762/20046102/logs/SecurityAuth-vsk4762.audit'
removed directory: `/scratch/vsk4762/20046102/logs'
removed directory: `/tmp/Jetty_0_0_0_0_50075_datanode____hwtdwq_807277454702930025/jsp'
removed directory: `/tmp/Jetty_0_0_0_0_50075_datanode____hwtdwq_807277454702930025/.active'
removed directory: `/tmp/Jetty_0_0_0_0_50075_datanode____hwtdwq_807277454702930025'
removed directory: `/tmp/Jetty_0_0_0_0_50070_hdfs____w2cu08_8651997028955662632/jsp'
removed directory: `/tmp/Jetty_0_0_0_0_50070_hdfs____w2cu08_8651997028955662632/.active'
removed directory: `/tmp/Jetty_0_0_0_0_50070_hdfs____w2cu08_8651997028955662632'
removed directory: `/tmp/Jetty_comet.11.23_ibnet_50090_secondary____.ez0a48/jsp'
removed directory: `/tmp/Jetty_comet.11.23_ibnet_50090_secondary____.ez0a48/.active'
removed directory: `/tmp/Jetty_comet.11.23_ibnet_50090_secondary____.ez0a48'
