myHadoop: Setting MH_IPOIB_TRANSFORM='s/\([^.]*\).*$/\1.ibnet/' from myhadoop.conf
myHadoop: Setting MH_SCRATCH_DIR=/scratch/$USER/$SLURM_JOBID from myhadoop.conf
myHadoop: Using HADOOP_HOME=/opt/hadoop/2.6.0
myHadoop: Using MH_SCRATCH_DIR=/scratch/vsk4762/19359011
myHadoop: Using JAVA_HOME=/usr/java/latest
myHadoop: Generating Hadoop configuration in directory in /home/vsk4762/cometcluster...
myHadoop: Backing up old config dir to /home/vsk4762/cometcluster.1...
`/home/vsk4762/cometcluster' -> `/home/vsk4762/cometcluster.1'
myHadoop: Designating comet-12-23.ibnet as master node (namenode, secondary namenode, and jobtracker)
myHadoop: The following nodes will be slaves (datanode, tasktracer):
comet-12-23.ibnet
comet-12-24.ibnet
comet-12-25.ibnet
18/09/28 16:38:07 INFO namenode.NameNode: STARTUP_MSG: 
/************************************************************
STARTUP_MSG: Starting NameNode
STARTUP_MSG:   host = comet-12-23.sdsc.edu/198.202.116.200
STARTUP_MSG:   args = [-format]
STARTUP_MSG:   version = 2.6.0
STARTUP_MSG:   classpath = /home/vsk4762/cometcluster:/opt/hadoop/2.6.0/share/hadoop/common/lib/commons-collections-3.2.1.jar:/opt/hadoop/2.6.0/share/hadoop/common/lib/commons-cli-1.2.jar:/opt/hadoop/2.6.0/share/hadoop/common/lib/avro-1.7.4.jar:/opt/hadoop/2.6.0/share/hadoop/common/lib/curator-client-2.6.0.jar:/opt/hadoop/2.6.0/share/hadoop/common/lib/jackson-xc-1.9.13.jar:/opt/hadoop/2.6.0/share/hadoop/common/lib/snappy-java-1.0.4.1.jar:/opt/hadoop/2.6.0/share/hadoop/common/lib/jetty-util-6.1.26.jar:/opt/hadoop/2.6.0/share/hadoop/common/lib/jasper-runtime-5.5.23.jar:/opt/hadoop/2.6.0/share/hadoop/common/lib/commons-io-2.4.jar:/opt/hadoop/2.6.0/share/hadoop/common/lib/paranamer-2.3.jar:/opt/hadoop/2.6.0/share/hadoop/common/lib/guava-11.0.2.jar:/opt/hadoop/2.6.0/share/hadoop/common/lib/commons-math3-3.1.1.jar:/opt/hadoop/2.6.0/share/hadoop/common/lib/apacheds-kerberos-codec-2.0.0-M15.jar:/opt/hadoop/2.6.0/share/hadoop/common/lib/commons-el-1.0.jar:/opt/hadoop/2.6.0/share/hadoop/common/lib/jersey-json-1.9.jar:/opt/hadoop/2.6.0/share/hadoop/common/lib/commons-logging-1.1.3.jar:/opt/hadoop/2.6.0/share/hadoop/common/lib/java-xmlbuilder-0.4.jar:/opt/hadoop/2.6.0/share/hadoop/common/lib/httpclient-4.2.5.jar:/opt/hadoop/2.6.0/share/hadoop/common/lib/jasper-compiler-5.5.23.jar:/opt/hadoop/2.6.0/share/hadoop/common/lib/netty-3.6.2.Final.jar:/opt/hadoop/2.6.0/share/hadoop/common/lib/junit-4.11.jar:/opt/hadoop/2.6.0/share/hadoop/common/lib/curator-recipes-2.6.0.jar:/opt/hadoop/2.6.0/share/hadoop/common/lib/xz-1.0.jar:/opt/hadoop/2.6.0/share/hadoop/common/lib/api-util-1.0.0-M20.jar:/opt/hadoop/2.6.0/share/hadoop/common/lib/commons-beanutils-1.7.0.jar:/opt/hadoop/2.6.0/share/hadoop/common/lib/jaxb-impl-2.2.3-1.jar:/opt/hadoop/2.6.0/share/hadoop/common/lib/hamcrest-core-1.3.jar:/opt/hadoop/2.6.0/share/hadoop/common/lib/zookeeper-3.4.6.jar:/opt/hadoop/2.6.0/share/hadoop/common/lib/mockito-all-1.8.5.jar:/opt/hadoop/2.6.0/share/hadoop/common/lib/commons-httpclient-3.1.jar:/opt/hadoop/2.6.0/share/hadoop/common/lib/commons-beanutils-core-1.8.0.jar:/opt/hadoop/2.6.0/share/hadoop/common/lib/stax-api-1.0-2.jar:/opt/hadoop/2.6.0/share/hadoop/common/lib/commons-digester-1.8.jar:/opt/hadoop/2.6.0/share/hadoop/common/lib/jackson-jaxrs-1.9.13.jar:/opt/hadoop/2.6.0/share/hadoop/common/lib/jets3t-0.9.0.jar:/opt/hadoop/2.6.0/share/hadoop/common/lib/jackson-mapper-asl-1.9.13.jar:/opt/hadoop/2.6.0/share/hadoop/common/lib/jersey-core-1.9.jar:/opt/hadoop/2.6.0/share/hadoop/common/lib/jsr305-1.3.9.jar:/opt/hadoop/2.6.0/share/hadoop/common/lib/jetty-6.1.26.jar:/opt/hadoop/2.6.0/share/hadoop/common/lib/commons-lang-2.6.jar:/opt/hadoop/2.6.0/share/hadoop/common/lib/slf4j-api-1.7.5.jar:/opt/hadoop/2.6.0/share/hadoop/common/lib/jsch-0.1.42.jar:/opt/hadoop/2.6.0/share/hadoop/common/lib/curator-framework-2.6.0.jar:/opt/hadoop/2.6.0/share/hadoop/common/lib/commons-configuration-1.6.jar:/opt/hadoop/2.6.0/share/hadoop/common/lib/htrace-core-3.0.4.jar:/opt/hadoop/2.6.0/share/hadoop/common/lib/xmlenc-0.52.jar:/opt/hadoop/2.6.0/share/hadoop/common/lib/jsp-api-2.1.jar:/opt/hadoop/2.6.0/share/hadoop/common/lib/log4j-1.2.17.jar:/opt/hadoop/2.6.0/share/hadoop/common/lib/protobuf-java-2.5.0.jar:/opt/hadoop/2.6.0/share/hadoop/common/lib/jaxb-api-2.2.2.jar:/opt/hadoop/2.6.0/share/hadoop/common/lib/hadoop-auth-2.6.0.jar:/opt/hadoop/2.6.0/share/hadoop/common/lib/activation-1.1.jar:/opt/hadoop/2.6.0/share/hadoop/common/lib/gson-2.2.4.jar:/opt/hadoop/2.6.0/share/hadoop/common/lib/jersey-server-1.9.jar:/opt/hadoop/2.6.0/share/hadoop/common/lib/jackson-core-asl-1.9.13.jar:/opt/hadoop/2.6.0/share/hadoop/common/lib/api-asn1-api-1.0.0-M20.jar:/opt/hadoop/2.6.0/share/hadoop/common/lib/slf4j-log4j12-1.7.5.jar:/opt/hadoop/2.6.0/share/hadoop/common/lib/hadoop-annotations-2.6.0.jar:/opt/hadoop/2.6.0/share/hadoop/common/lib/apacheds-i18n-2.0.0-M15.jar:/opt/hadoop/2.6.0/share/hadoop/common/lib/servlet-api-2.5.jar:/opt/hadoop/2.6.0/share/hadoop/common/lib/commons-compress-1.4.1.jar:/opt/hadoop/2.6.0/share/hadoop/common/lib/asm-3.2.jar:/opt/hadoop/2.6.0/share/hadoop/common/lib/commons-codec-1.4.jar:/opt/hadoop/2.6.0/share/hadoop/common/lib/jettison-1.1.jar:/opt/hadoop/2.6.0/share/hadoop/common/lib/commons-net-3.1.jar:/opt/hadoop/2.6.0/share/hadoop/common/lib/httpcore-4.2.5.jar:/opt/hadoop/2.6.0/share/hadoop/common/hadoop-nfs-2.6.0.jar:/opt/hadoop/2.6.0/share/hadoop/common/hadoop-common-2.6.0-tests.jar:/opt/hadoop/2.6.0/share/hadoop/common/hadoop-common-2.6.0.jar:/opt/hadoop/2.6.0/share/hadoop/hdfs:/opt/hadoop/2.6.0/share/hadoop/hdfs/lib/commons-cli-1.2.jar:/opt/hadoop/2.6.0/share/hadoop/hdfs/lib/jetty-util-6.1.26.jar:/opt/hadoop/2.6.0/share/hadoop/hdfs/lib/jasper-runtime-5.5.23.jar:/opt/hadoop/2.6.0/share/hadoop/hdfs/lib/commons-io-2.4.jar:/opt/hadoop/2.6.0/share/hadoop/hdfs/lib/guava-11.0.2.jar:/opt/hadoop/2.6.0/share/hadoop/hdfs/lib/commons-el-1.0.jar:/opt/hadoop/2.6.0/share/hadoop/hdfs/lib/commons-logging-1.1.3.jar:/opt/hadoop/2.6.0/share/hadoop/hdfs/lib/netty-3.6.2.Final.jar:/opt/hadoop/2.6.0/share/hadoop/hdfs/lib/commons-daemon-1.0.13.jar:/opt/hadoop/2.6.0/share/hadoop/hdfs/lib/jackson-mapper-asl-1.9.13.jar:/opt/hadoop/2.6.0/share/hadoop/hdfs/lib/jersey-core-1.9.jar:/opt/hadoop/2.6.0/share/hadoop/hdfs/lib/jsr305-1.3.9.jar:/opt/hadoop/2.6.0/share/hadoop/hdfs/lib/jetty-6.1.26.jar:/opt/hadoop/2.6.0/share/hadoop/hdfs/lib/commons-lang-2.6.jar:/opt/hadoop/2.6.0/share/hadoop/hdfs/lib/htrace-core-3.0.4.jar:/opt/hadoop/2.6.0/share/hadoop/hdfs/lib/xmlenc-0.52.jar:/opt/hadoop/2.6.0/share/hadoop/hdfs/lib/jsp-api-2.1.jar:/opt/hadoop/2.6.0/share/hadoop/hdfs/lib/log4j-1.2.17.jar:/opt/hadoop/2.6.0/share/hadoop/hdfs/lib/protobuf-java-2.5.0.jar:/opt/hadoop/2.6.0/share/hadoop/hdfs/lib/xercesImpl-2.9.1.jar:/opt/hadoop/2.6.0/share/hadoop/hdfs/lib/xml-apis-1.3.04.jar:/opt/hadoop/2.6.0/share/hadoop/hdfs/lib/jersey-server-1.9.jar:/opt/hadoop/2.6.0/share/hadoop/hdfs/lib/jackson-core-asl-1.9.13.jar:/opt/hadoop/2.6.0/share/hadoop/hdfs/lib/servlet-api-2.5.jar:/opt/hadoop/2.6.0/share/hadoop/hdfs/lib/asm-3.2.jar:/opt/hadoop/2.6.0/share/hadoop/hdfs/lib/commons-codec-1.4.jar:/opt/hadoop/2.6.0/share/hadoop/hdfs/hadoop-hdfs-nfs-2.6.0.jar:/opt/hadoop/2.6.0/share/hadoop/hdfs/hadoop-hdfs-2.6.0-tests.jar:/opt/hadoop/2.6.0/share/hadoop/hdfs/hadoop-hdfs-2.6.0.jar:/opt/hadoop/2.6.0/share/hadoop/yarn/lib/jersey-guice-1.9.jar:/opt/hadoop/2.6.0/share/hadoop/yarn/lib/commons-collections-3.2.1.jar:/opt/hadoop/2.6.0/share/hadoop/yarn/lib/commons-cli-1.2.jar:/opt/hadoop/2.6.0/share/hadoop/yarn/lib/jackson-xc-1.9.13.jar:/opt/hadoop/2.6.0/share/hadoop/yarn/lib/jetty-util-6.1.26.jar:/opt/hadoop/2.6.0/share/hadoop/yarn/lib/commons-io-2.4.jar:/opt/hadoop/2.6.0/share/hadoop/yarn/lib/guava-11.0.2.jar:/opt/hadoop/2.6.0/share/hadoop/yarn/lib/guice-3.0.jar:/opt/hadoop/2.6.0/share/hadoop/yarn/lib/jline-0.9.94.jar:/opt/hadoop/2.6.0/share/hadoop/yarn/lib/jersey-json-1.9.jar:/opt/hadoop/2.6.0/share/hadoop/yarn/lib/commons-logging-1.1.3.jar:/opt/hadoop/2.6.0/share/hadoop/yarn/lib/netty-3.6.2.Final.jar:/opt/hadoop/2.6.0/share/hadoop/yarn/lib/xz-1.0.jar:/opt/hadoop/2.6.0/share/hadoop/yarn/lib/jaxb-impl-2.2.3-1.jar:/opt/hadoop/2.6.0/share/hadoop/yarn/lib/jersey-client-1.9.jar:/opt/hadoop/2.6.0/share/hadoop/yarn/lib/zookeeper-3.4.6.jar:/opt/hadoop/2.6.0/share/hadoop/yarn/lib/commons-httpclient-3.1.jar:/opt/hadoop/2.6.0/share/hadoop/yarn/lib/stax-api-1.0-2.jar:/opt/hadoop/2.6.0/share/hadoop/yarn/lib/jackson-jaxrs-1.9.13.jar:/opt/hadoop/2.6.0/share/hadoop/yarn/lib/jackson-mapper-asl-1.9.13.jar:/opt/hadoop/2.6.0/share/hadoop/yarn/lib/jersey-core-1.9.jar:/opt/hadoop/2.6.0/share/hadoop/yarn/lib/jsr305-1.3.9.jar:/opt/hadoop/2.6.0/share/hadoop/yarn/lib/leveldbjni-all-1.8.jar:/opt/hadoop/2.6.0/share/hadoop/yarn/lib/jetty-6.1.26.jar:/opt/hadoop/2.6.0/share/hadoop/yarn/lib/commons-lang-2.6.jar:/opt/hadoop/2.6.0/share/hadoop/yarn/lib/guice-servlet-3.0.jar:/opt/hadoop/2.6.0/share/hadoop/yarn/lib/log4j-1.2.17.jar:/opt/hadoop/2.6.0/share/hadoop/yarn/lib/protobuf-java-2.5.0.jar:/opt/hadoop/2.6.0/share/hadoop/yarn/lib/jaxb-api-2.2.2.jar:/opt/hadoop/2.6.0/share/hadoop/yarn/lib/activation-1.1.jar:/opt/hadoop/2.6.0/share/hadoop/yarn/lib/jersey-server-1.9.jar:/opt/hadoop/2.6.0/share/hadoop/yarn/lib/jackson-core-asl-1.9.13.jar:/opt/hadoop/2.6.0/share/hadoop/yarn/lib/javax.inject-1.jar:/opt/hadoop/2.6.0/share/hadoop/yarn/lib/servlet-api-2.5.jar:/opt/hadoop/2.6.0/share/hadoop/yarn/lib/commons-compress-1.4.1.jar:/opt/hadoop/2.6.0/share/hadoop/yarn/lib/asm-3.2.jar:/opt/hadoop/2.6.0/share/hadoop/yarn/lib/commons-codec-1.4.jar:/opt/hadoop/2.6.0/share/hadoop/yarn/lib/aopalliance-1.0.jar:/opt/hadoop/2.6.0/share/hadoop/yarn/lib/jettison-1.1.jar:/opt/hadoop/2.6.0/share/hadoop/yarn/hadoop-yarn-api-2.6.0.jar:/opt/hadoop/2.6.0/share/hadoop/yarn/hadoop-yarn-server-applicationhistoryservice-2.6.0.jar:/opt/hadoop/2.6.0/share/hadoop/yarn/hadoop-yarn-common-2.6.0.jar:/opt/hadoop/2.6.0/share/hadoop/yarn/hadoop-yarn-registry-2.6.0.jar:/opt/hadoop/2.6.0/share/hadoop/yarn/hadoop-yarn-applications-distributedshell-2.6.0.jar:/opt/hadoop/2.6.0/share/hadoop/yarn/hadoop-yarn-server-tests-2.6.0.jar:/opt/hadoop/2.6.0/share/hadoop/yarn/hadoop-yarn-server-common-2.6.0.jar:/opt/hadoop/2.6.0/share/hadoop/yarn/hadoop-yarn-applications-unmanaged-am-launcher-2.6.0.jar:/opt/hadoop/2.6.0/share/hadoop/yarn/hadoop-yarn-server-resourcemanager-2.6.0.jar:/opt/hadoop/2.6.0/share/hadoop/yarn/hadoop-yarn-client-2.6.0.jar:/opt/hadoop/2.6.0/share/hadoop/yarn/hadoop-yarn-server-nodemanager-2.6.0.jar:/opt/hadoop/2.6.0/share/hadoop/yarn/hadoop-yarn-server-web-proxy-2.6.0.jar:/opt/hadoop/2.6.0/share/hadoop/mapreduce/lib/jersey-guice-1.9.jar:/opt/hadoop/2.6.0/share/hadoop/mapreduce/lib/avro-1.7.4.jar:/opt/hadoop/2.6.0/share/hadoop/mapreduce/lib/snappy-java-1.0.4.1.jar:/opt/hadoop/2.6.0/share/hadoop/mapreduce/lib/commons-io-2.4.jar:/opt/hadoop/2.6.0/share/hadoop/mapreduce/lib/paranamer-2.3.jar:/opt/hadoop/2.6.0/share/hadoop/mapreduce/lib/guice-3.0.jar:/opt/hadoop/2.6.0/share/hadoop/mapreduce/lib/netty-3.6.2.Final.jar:/opt/hadoop/2.6.0/share/hadoop/mapreduce/lib/junit-4.11.jar:/opt/hadoop/2.6.0/share/hadoop/mapreduce/lib/xz-1.0.jar:/opt/hadoop/2.6.0/share/hadoop/mapreduce/lib/hamcrest-core-1.3.jar:/opt/hadoop/2.6.0/share/hadoop/mapreduce/lib/jackson-mapper-asl-1.9.13.jar:/opt/hadoop/2.6.0/share/hadoop/mapreduce/lib/jersey-core-1.9.jar:/opt/hadoop/2.6.0/share/hadoop/mapreduce/lib/leveldbjni-all-1.8.jar:/opt/hadoop/2.6.0/share/hadoop/mapreduce/lib/guice-servlet-3.0.jar:/opt/hadoop/2.6.0/share/hadoop/mapreduce/lib/log4j-1.2.17.jar:/opt/hadoop/2.6.0/share/hadoop/mapreduce/lib/protobuf-java-2.5.0.jar:/opt/hadoop/2.6.0/share/hadoop/mapreduce/lib/jersey-server-1.9.jar:/opt/hadoop/2.6.0/share/hadoop/mapreduce/lib/jackson-core-asl-1.9.13.jar:/opt/hadoop/2.6.0/share/hadoop/mapreduce/lib/javax.inject-1.jar:/opt/hadoop/2.6.0/share/hadoop/mapreduce/lib/hadoop-annotations-2.6.0.jar:/opt/hadoop/2.6.0/share/hadoop/mapreduce/lib/commons-compress-1.4.1.jar:/opt/hadoop/2.6.0/share/hadoop/mapreduce/lib/asm-3.2.jar:/opt/hadoop/2.6.0/share/hadoop/mapreduce/lib/aopalliance-1.0.jar:/opt/hadoop/2.6.0/share/hadoop/mapreduce/hadoop-mapreduce-examples-2.6.0.jar:/opt/hadoop/2.6.0/share/hadoop/mapreduce/hadoop-mapreduce-client-hs-plugins-2.6.0.jar:/opt/hadoop/2.6.0/share/hadoop/mapreduce/hadoop-mapreduce-client-shuffle-2.6.0.jar:/opt/hadoop/2.6.0/share/hadoop/mapreduce/hadoop-mapreduce-client-jobclient-2.6.0.jar:/opt/hadoop/2.6.0/share/hadoop/mapreduce/hadoop-mapreduce-client-jobclient-2.6.0-tests.jar:/opt/hadoop/2.6.0/share/hadoop/mapreduce/hadoop-mapreduce-client-common-2.6.0.jar:/opt/hadoop/2.6.0/share/hadoop/mapreduce/hadoop-mapreduce-client-hs-2.6.0.jar:/opt/hadoop/2.6.0/share/hadoop/mapreduce/hadoop-mapreduce-client-app-2.6.0.jar:/opt/hadoop/2.6.0/share/hadoop/mapreduce/hadoop-mapreduce-client-core-2.6.0.jar:/opt/hadoop/2.6.0/contrib/capacity-scheduler/*.jar
STARTUP_MSG:   build = https://git-wip-us.apache.org/repos/asf/hadoop.git -r e3496499ecb8d220fba99dc5ed4c99c8f9e33bb1; compiled by 'jenkins' on 2014-11-13T21:10Z
STARTUP_MSG:   java = 1.8.0_60
************************************************************/
18/09/28 16:38:07 INFO namenode.NameNode: registered UNIX signal handlers for [TERM, HUP, INT]
18/09/28 16:38:07 INFO namenode.NameNode: createNameNode [-format]
18/09/28 16:38:08 WARN util.NativeCodeLoader: Unable to load native-hadoop library for your platform... using builtin-java classes where applicable
18/09/28 16:38:08 WARN common.Util: Path /scratch/vsk4762/19359011/namenode_data should be specified as a URI in configuration files. Please update hdfs configuration.
18/09/28 16:38:08 WARN common.Util: Path /scratch/vsk4762/19359011/namenode_data should be specified as a URI in configuration files. Please update hdfs configuration.
Formatting using clusterid: CID-9ee31ad8-b5df-427b-95d0-cbea7bc9cbcd
18/09/28 16:38:08 INFO namenode.FSNamesystem: No KeyProvider found.
18/09/28 16:38:08 INFO namenode.FSNamesystem: fsLock is fair:true
18/09/28 16:38:08 INFO blockmanagement.DatanodeManager: dfs.block.invalidate.limit=1000
18/09/28 16:38:08 INFO blockmanagement.DatanodeManager: dfs.namenode.datanode.registration.ip-hostname-check=true
18/09/28 16:38:08 INFO blockmanagement.BlockManager: dfs.namenode.startup.delay.block.deletion.sec is set to 000:00:00:00.000
18/09/28 16:38:08 INFO blockmanagement.BlockManager: The block deletion will start around 2018 Sep 28 16:38:08
18/09/28 16:38:08 INFO util.GSet: Computing capacity for map BlocksMap
18/09/28 16:38:08 INFO util.GSet: VM type       = 64-bit
18/09/28 16:38:08 INFO util.GSet: 2.0% max memory 958.5 MB = 19.2 MB
18/09/28 16:38:08 INFO util.GSet: capacity      = 2^21 = 2097152 entries
18/09/28 16:38:08 INFO blockmanagement.BlockManager: dfs.block.access.token.enable=false
18/09/28 16:38:08 INFO blockmanagement.BlockManager: defaultReplication         = 3
18/09/28 16:38:08 INFO blockmanagement.BlockManager: maxReplication             = 512
18/09/28 16:38:08 INFO blockmanagement.BlockManager: minReplication             = 1
18/09/28 16:38:08 INFO blockmanagement.BlockManager: maxReplicationStreams      = 2
18/09/28 16:38:08 INFO blockmanagement.BlockManager: shouldCheckForEnoughRacks  = false
18/09/28 16:38:08 INFO blockmanagement.BlockManager: replicationRecheckInterval = 3000
18/09/28 16:38:08 INFO blockmanagement.BlockManager: encryptDataTransfer        = false
18/09/28 16:38:08 INFO blockmanagement.BlockManager: maxNumBlocksToLog          = 1000
18/09/28 16:38:08 INFO namenode.FSNamesystem: fsOwner             = vsk4762 (auth:SIMPLE)
18/09/28 16:38:08 INFO namenode.FSNamesystem: supergroup          = supergroup
18/09/28 16:38:08 INFO namenode.FSNamesystem: isPermissionEnabled = true
18/09/28 16:38:08 INFO namenode.FSNamesystem: HA Enabled: false
18/09/28 16:38:08 INFO namenode.FSNamesystem: Append Enabled: true
18/09/28 16:38:08 INFO util.GSet: Computing capacity for map INodeMap
18/09/28 16:38:08 INFO util.GSet: VM type       = 64-bit
18/09/28 16:38:08 INFO util.GSet: 1.0% max memory 958.5 MB = 9.6 MB
18/09/28 16:38:08 INFO util.GSet: capacity      = 2^20 = 1048576 entries
18/09/28 16:38:08 INFO namenode.NameNode: Caching file names occuring more than 10 times
18/09/28 16:38:08 INFO util.GSet: Computing capacity for map cachedBlocks
18/09/28 16:38:08 INFO util.GSet: VM type       = 64-bit
18/09/28 16:38:08 INFO util.GSet: 0.25% max memory 958.5 MB = 2.4 MB
18/09/28 16:38:08 INFO util.GSet: capacity      = 2^18 = 262144 entries
18/09/28 16:38:08 INFO namenode.FSNamesystem: dfs.namenode.safemode.threshold-pct = 0.9990000128746033
18/09/28 16:38:08 INFO namenode.FSNamesystem: dfs.namenode.safemode.min.datanodes = 0
18/09/28 16:38:08 INFO namenode.FSNamesystem: dfs.namenode.safemode.extension     = 30000
18/09/28 16:38:08 INFO namenode.FSNamesystem: Retry cache on namenode is enabled
18/09/28 16:38:08 INFO namenode.FSNamesystem: Retry cache will use 0.03 of total heap and retry cache entry expiry time is 600000 millis
18/09/28 16:38:08 INFO util.GSet: Computing capacity for map NameNodeRetryCache
18/09/28 16:38:08 INFO util.GSet: VM type       = 64-bit
18/09/28 16:38:08 INFO util.GSet: 0.029999999329447746% max memory 958.5 MB = 294.5 KB
18/09/28 16:38:08 INFO util.GSet: capacity      = 2^15 = 32768 entries
18/09/28 16:38:08 INFO namenode.NNConf: ACLs enabled? false
18/09/28 16:38:08 INFO namenode.NNConf: XAttrs enabled? true
18/09/28 16:38:08 INFO namenode.NNConf: Maximum size of an xattr: 16384
18/09/28 16:38:08 INFO namenode.FSImage: Allocated new BlockPoolId: BP-492235575-198.202.116.200-1538177888566
18/09/28 16:38:08 INFO common.Storage: Storage directory /scratch/vsk4762/19359011/namenode_data has been successfully formatted.
18/09/28 16:38:08 INFO namenode.NNStorageRetentionManager: Going to retain 1 images with txid >= 0
18/09/28 16:38:08 INFO util.ExitUtil: Exiting with status 0
18/09/28 16:38:08 INFO namenode.NameNode: SHUTDOWN_MSG: 
/************************************************************
SHUTDOWN_MSG: Shutting down NameNode at comet-12-23.sdsc.edu/198.202.116.200
************************************************************/
18/09/28 16:38:09 WARN util.NativeCodeLoader: Unable to load native-hadoop library for your platform... using builtin-java classes where applicable
Starting namenodes on [comet-12-23.ibnet]
comet-12-23.ibnet: starting namenode, logging to /scratch/vsk4762/19359011/logs/hadoop-vsk4762-namenode-comet-12-23.sdsc.edu.out
comet-12-23.ibnet: starting datanode, logging to /scratch/vsk4762/19359011/logs/hadoop-vsk4762-datanode-comet-12-23.sdsc.edu.out
comet-12-24.ibnet: starting datanode, logging to /scratch/vsk4762/19359011/logs/hadoop-vsk4762-datanode-comet-12-24.sdsc.edu.out
comet-12-25.ibnet: starting datanode, logging to /scratch/vsk4762/19359011/logs/hadoop-vsk4762-datanode-comet-12-25.sdsc.edu.out
Starting secondary namenodes [comet-12-23.ibnet]
comet-12-23.ibnet: starting secondarynamenode, logging to /scratch/vsk4762/19359011/logs/hadoop-vsk4762-secondarynamenode-comet-12-23.sdsc.edu.out
18/09/28 16:38:25 WARN util.NativeCodeLoader: Unable to load native-hadoop library for your platform... using builtin-java classes where applicable
starting yarn daemons
starting resourcemanager, logging to /scratch/vsk4762/19359011/logs/yarn-vsk4762-resourcemanager-comet-12-23.out
comet-12-24.ibnet: starting nodemanager, logging to /scratch/vsk4762/19359011/logs/yarn-vsk4762-nodemanager-comet-12-24.sdsc.edu.out
comet-12-25.ibnet: starting nodemanager, logging to /scratch/vsk4762/19359011/logs/yarn-vsk4762-nodemanager-comet-12-25.sdsc.edu.out
comet-12-23.ibnet: starting nodemanager, logging to /scratch/vsk4762/19359011/logs/yarn-vsk4762-nodemanager-comet-12-23.sdsc.edu.out
18/09/28 16:38:28 WARN util.NativeCodeLoader: Unable to load native-hadoop library for your platform... using builtin-java classes where applicable
18/09/28 16:38:29 WARN util.NativeCodeLoader: Unable to load native-hadoop library for your platform... using builtin-java classes where applicable
18/09/28 16:38:32 WARN util.NativeCodeLoader: Unable to load native-hadoop library for your platform... using builtin-java classes where applicable
18/09/28 16:38:33 WARN util.NativeCodeLoader: Unable to load native-hadoop library for your platform... using builtin-java classes where applicable
18/09/28 16:38:33 INFO client.RMProxy: Connecting to ResourceManager at comet-12-23.ibnet/10.22.253.24:8032
18/09/28 16:38:34 WARN mapreduce.JobSubmitter: Hadoop command-line option parsing not performed. Implement the Tool interface and execute your application with ToolRunner to remedy this.
18/09/28 16:38:34 INFO input.FileInputFormat: Total input paths to process : 1
18/09/28 16:38:34 INFO mapreduce.JobSubmitter: number of splits:1
18/09/28 16:38:34 INFO mapreduce.JobSubmitter: Submitting tokens for job: job_1538177906443_0001
18/09/28 16:38:34 INFO impl.YarnClientImpl: Submitted application application_1538177906443_0001
18/09/28 16:38:34 INFO mapreduce.Job: The url to track the job: http://comet-12-23.ibnet:8088/proxy/application_1538177906443_0001/
18/09/28 16:38:34 INFO mapreduce.Job: Running job: job_1538177906443_0001
18/09/28 16:38:39 INFO mapreduce.Job: Job job_1538177906443_0001 running in uber mode : false
18/09/28 16:38:39 INFO mapreduce.Job:  map 0% reduce 0%
18/09/28 16:38:49 INFO mapreduce.Job:  map 100% reduce 0%
18/09/28 16:38:55 INFO mapreduce.Job:  map 100% reduce 100%
18/09/28 16:38:55 INFO mapreduce.Job: Job job_1538177906443_0001 completed successfully
18/09/28 16:38:55 INFO mapreduce.Job: Counters: 49
	File System Counters
		FILE: Number of bytes read=34000006
		FILE: Number of bytes written=68479123
		FILE: Number of read operations=0
		FILE: Number of large read operations=0
		FILE: Number of write operations=0
		HDFS: Number of bytes read=36942221
		HDFS: Number of bytes written=3695
		HDFS: Number of read operations=7
		HDFS: Number of large read operations=0
		HDFS: Number of write operations=2
	Job Counters 
		Launched map tasks=1
		Launched reduce tasks=1
		Data-local map tasks=1
		Total time spent by all maps in occupied slots (ms)=7983
		Total time spent by all reduces in occupied slots (ms)=2894
		Total time spent by all map tasks (ms)=7983
		Total time spent by all reduce tasks (ms)=2894
		Total vcore-seconds taken by all map tasks=7983
		Total vcore-seconds taken by all reduce tasks=2894
		Total megabyte-seconds taken by all map tasks=8174592
		Total megabyte-seconds taken by all reduce tasks=2963456
	Map-Reduce Framework
		Map input records=1000000
		Map output records=1000000
		Map output bytes=32000000
		Map output materialized bytes=34000006
		Input split bytes=125
		Combine input records=0
		Combine output records=0
		Reduce input groups=100
		Reduce shuffle bytes=34000006
		Reduce input records=1000000
		Reduce output records=100
		Spilled Records=2000000
		Shuffled Maps =1
		Failed Shuffles=0
		Merged Map outputs=1
		GC time elapsed (ms)=110
		CPU time spent (ms)=9880
		Physical memory (bytes) snapshot=464531456
		Virtual memory (bytes) snapshot=4335648768
		Total committed heap usage (bytes)=345505792
	Shuffle Errors
		BAD_ID=0
		CONNECTION=0
		IO_ERROR=0
		WRONG_LENGTH=0
		WRONG_MAP=0
		WRONG_REDUCE=0
	File Input Format Counters 
		Bytes Read=36941196
	File Output Format Counters 
		Bytes Written=3695
18/09/28 16:38:56 WARN util.NativeCodeLoader: Unable to load native-hadoop library for your platform... using builtin-java classes where applicable
stopping yarn daemons
stopping resourcemanager
comet-12-25.ibnet: stopping nodemanager
comet-12-24.ibnet: stopping nodemanager
comet-12-24.ibnet: nodemanager did not stop gracefully after 5 seconds: killing with kill -9
comet-12-23.ibnet: stopping nodemanager
comet-12-23.ibnet: nodemanager did not stop gracefully after 5 seconds: killing with kill -9
no proxyserver to stop
18/09/28 16:39:08 WARN util.NativeCodeLoader: Unable to load native-hadoop library for your platform... using builtin-java classes where applicable
Stopping namenodes on [comet-12-23.ibnet]
comet-12-23.ibnet: stopping namenode
comet-12-24.ibnet: stopping datanode
comet-12-25.ibnet: stopping datanode
comet-12-23.ibnet: stopping datanode
Stopping secondary namenodes [comet-12-23.ibnet]
comet-12-23.ibnet: stopping secondarynamenode
18/09/28 16:39:27 WARN util.NativeCodeLoader: Unable to load native-hadoop library for your platform... using builtin-java classes where applicable
Copying Hadoop logs back to /home/vsk4762/cometcluster/logs...
`/scratch/vsk4762/19359011/logs' -> `/home/vsk4762/cometcluster/logs'
`/scratch/vsk4762/19359011/logs/yarn-vsk4762-resourcemanager-comet-12-23.log' -> `/home/vsk4762/cometcluster/logs/yarn-vsk4762-resourcemanager-comet-12-23.log'
`/scratch/vsk4762/19359011/logs/hadoop-vsk4762-secondarynamenode-comet-12-23.sdsc.edu.out' -> `/home/vsk4762/cometcluster/logs/hadoop-vsk4762-secondarynamenode-comet-12-23.sdsc.edu.out'
`/scratch/vsk4762/19359011/logs/hadoop-vsk4762-namenode-comet-12-23.sdsc.edu.out' -> `/home/vsk4762/cometcluster/logs/hadoop-vsk4762-namenode-comet-12-23.sdsc.edu.out'
`/scratch/vsk4762/19359011/logs/yarn-vsk4762-nodemanager-comet-12-23.sdsc.edu.log' -> `/home/vsk4762/cometcluster/logs/yarn-vsk4762-nodemanager-comet-12-23.sdsc.edu.log'
`/scratch/vsk4762/19359011/logs/hadoop-vsk4762-datanode-comet-12-23.sdsc.edu.out' -> `/home/vsk4762/cometcluster/logs/hadoop-vsk4762-datanode-comet-12-23.sdsc.edu.out'
`/scratch/vsk4762/19359011/logs/userlogs' -> `/home/vsk4762/cometcluster/logs/userlogs'
`/scratch/vsk4762/19359011/logs/userlogs/application_1538177906443_0001' -> `/home/vsk4762/cometcluster/logs/userlogs/application_1538177906443_0001'
`/scratch/vsk4762/19359011/logs/userlogs/application_1538177906443_0001/container_1538177906443_0001_01_000002' -> `/home/vsk4762/cometcluster/logs/userlogs/application_1538177906443_0001/container_1538177906443_0001_01_000002'
`/scratch/vsk4762/19359011/logs/userlogs/application_1538177906443_0001/container_1538177906443_0001_01_000002/stdout' -> `/home/vsk4762/cometcluster/logs/userlogs/application_1538177906443_0001/container_1538177906443_0001_01_000002/stdout'
`/scratch/vsk4762/19359011/logs/userlogs/application_1538177906443_0001/container_1538177906443_0001_01_000002/syslog' -> `/home/vsk4762/cometcluster/logs/userlogs/application_1538177906443_0001/container_1538177906443_0001_01_000002/syslog'
`/scratch/vsk4762/19359011/logs/userlogs/application_1538177906443_0001/container_1538177906443_0001_01_000002/stderr' -> `/home/vsk4762/cometcluster/logs/userlogs/application_1538177906443_0001/container_1538177906443_0001_01_000002/stderr'
`/scratch/vsk4762/19359011/logs/userlogs/application_1538177906443_0001/container_1538177906443_0001_01_000003' -> `/home/vsk4762/cometcluster/logs/userlogs/application_1538177906443_0001/container_1538177906443_0001_01_000003'
`/scratch/vsk4762/19359011/logs/userlogs/application_1538177906443_0001/container_1538177906443_0001_01_000003/stderr' -> `/home/vsk4762/cometcluster/logs/userlogs/application_1538177906443_0001/container_1538177906443_0001_01_000003/stderr'
`/scratch/vsk4762/19359011/logs/userlogs/application_1538177906443_0001/container_1538177906443_0001_01_000003/syslog' -> `/home/vsk4762/cometcluster/logs/userlogs/application_1538177906443_0001/container_1538177906443_0001_01_000003/syslog'
`/scratch/vsk4762/19359011/logs/userlogs/application_1538177906443_0001/container_1538177906443_0001_01_000003/stdout' -> `/home/vsk4762/cometcluster/logs/userlogs/application_1538177906443_0001/container_1538177906443_0001_01_000003/stdout'
`/scratch/vsk4762/19359011/logs/yarn-vsk4762-nodemanager-comet-12-23.sdsc.edu.out' -> `/home/vsk4762/cometcluster/logs/yarn-vsk4762-nodemanager-comet-12-23.sdsc.edu.out'
`/scratch/vsk4762/19359011/logs/hadoop-vsk4762-datanode-comet-12-23.sdsc.edu.log' -> `/home/vsk4762/cometcluster/logs/hadoop-vsk4762-datanode-comet-12-23.sdsc.edu.log'
`/scratch/vsk4762/19359011/logs/SecurityAuth-vsk4762.audit' -> `/home/vsk4762/cometcluster/logs/SecurityAuth-vsk4762.audit'
`/scratch/vsk4762/19359011/logs/hadoop-vsk4762-namenode-comet-12-23.sdsc.edu.log' -> `/home/vsk4762/cometcluster/logs/hadoop-vsk4762-namenode-comet-12-23.sdsc.edu.log'
`/scratch/vsk4762/19359011/logs/yarn-vsk4762-resourcemanager-comet-12-23.out' -> `/home/vsk4762/cometcluster/logs/yarn-vsk4762-resourcemanager-comet-12-23.out'
`/scratch/vsk4762/19359011/logs/hadoop-vsk4762-secondarynamenode-comet-12-23.sdsc.edu.log' -> `/home/vsk4762/cometcluster/logs/hadoop-vsk4762-secondarynamenode-comet-12-23.sdsc.edu.log'
removed directory: `/scratch/vsk4762/19359011/mapred_scratch/nmPrivate'
removed directory: `/scratch/vsk4762/19359011/mapred_scratch/usercache/vsk4762/appcache'
removed directory: `/scratch/vsk4762/19359011/mapred_scratch/usercache/vsk4762/filecache'
removed directory: `/scratch/vsk4762/19359011/mapred_scratch/usercache/vsk4762'
removed directory: `/scratch/vsk4762/19359011/mapred_scratch/usercache'
removed `/scratch/vsk4762/19359011/mapred_scratch/filecache/10/.tmp_centroids.txt.crc'
removed `/scratch/vsk4762/19359011/mapred_scratch/filecache/10/centroids.txt'
removed directory: `/scratch/vsk4762/19359011/mapred_scratch/filecache/10'
removed directory: `/scratch/vsk4762/19359011/mapred_scratch/filecache'
removed directory: `/scratch/vsk4762/19359011/mapred_scratch'
removed directory: `/scratch/vsk4762/19359011/tmp/dfs/namesecondary'
removed directory: `/scratch/vsk4762/19359011/tmp/dfs'
removed directory: `/scratch/vsk4762/19359011/tmp'
removed `/scratch/vsk4762/19359011/namenode_data/current/seen_txid'
removed `/scratch/vsk4762/19359011/namenode_data/current/fsimage_0000000000000000000'
removed `/scratch/vsk4762/19359011/namenode_data/current/VERSION'
removed `/scratch/vsk4762/19359011/namenode_data/current/edits_inprogress_0000000000000000001'
removed `/scratch/vsk4762/19359011/namenode_data/current/fsimage_0000000000000000000.md5'
removed directory: `/scratch/vsk4762/19359011/namenode_data/current'
removed directory: `/scratch/vsk4762/19359011/namenode_data'
removed `/scratch/vsk4762/19359011/hdfs_data/current/BP-492235575-198.202.116.200-1538177888566/current/finalized/subdir0/subdir0/blk_1073741826_1002.meta'
removed `/scratch/vsk4762/19359011/hdfs_data/current/BP-492235575-198.202.116.200-1538177888566/current/finalized/subdir0/subdir0/blk_1073741834_1010.meta'
removed `/scratch/vsk4762/19359011/hdfs_data/current/BP-492235575-198.202.116.200-1538177888566/current/finalized/subdir0/subdir0/blk_1073741833_1009.meta'
removed `/scratch/vsk4762/19359011/hdfs_data/current/BP-492235575-198.202.116.200-1538177888566/current/finalized/subdir0/subdir0/blk_1073741834'
removed `/scratch/vsk4762/19359011/hdfs_data/current/BP-492235575-198.202.116.200-1538177888566/current/finalized/subdir0/subdir0/blk_1073741833'
removed `/scratch/vsk4762/19359011/hdfs_data/current/BP-492235575-198.202.116.200-1538177888566/current/finalized/subdir0/subdir0/blk_1073741835_1011.meta'
removed `/scratch/vsk4762/19359011/hdfs_data/current/BP-492235575-198.202.116.200-1538177888566/current/finalized/subdir0/subdir0/blk_1073741836'
removed `/scratch/vsk4762/19359011/hdfs_data/current/BP-492235575-198.202.116.200-1538177888566/current/finalized/subdir0/subdir0/blk_1073741825_1001.meta'
removed `/scratch/vsk4762/19359011/hdfs_data/current/BP-492235575-198.202.116.200-1538177888566/current/finalized/subdir0/subdir0/blk_1073741825'
removed `/scratch/vsk4762/19359011/hdfs_data/current/BP-492235575-198.202.116.200-1538177888566/current/finalized/subdir0/subdir0/blk_1073741836_1012.meta'
removed `/scratch/vsk4762/19359011/hdfs_data/current/BP-492235575-198.202.116.200-1538177888566/current/finalized/subdir0/subdir0/blk_1073741835'
removed `/scratch/vsk4762/19359011/hdfs_data/current/BP-492235575-198.202.116.200-1538177888566/current/finalized/subdir0/subdir0/blk_1073741826'
removed directory: `/scratch/vsk4762/19359011/hdfs_data/current/BP-492235575-198.202.116.200-1538177888566/current/finalized/subdir0/subdir0'
removed directory: `/scratch/vsk4762/19359011/hdfs_data/current/BP-492235575-198.202.116.200-1538177888566/current/finalized/subdir0'
removed directory: `/scratch/vsk4762/19359011/hdfs_data/current/BP-492235575-198.202.116.200-1538177888566/current/finalized'
removed directory: `/scratch/vsk4762/19359011/hdfs_data/current/BP-492235575-198.202.116.200-1538177888566/current/rbw'
removed `/scratch/vsk4762/19359011/hdfs_data/current/BP-492235575-198.202.116.200-1538177888566/current/dfsUsed'
removed `/scratch/vsk4762/19359011/hdfs_data/current/BP-492235575-198.202.116.200-1538177888566/current/VERSION'
removed directory: `/scratch/vsk4762/19359011/hdfs_data/current/BP-492235575-198.202.116.200-1538177888566/current'
removed `/scratch/vsk4762/19359011/hdfs_data/current/BP-492235575-198.202.116.200-1538177888566/dncp_block_verification.log.curr'
removed directory: `/scratch/vsk4762/19359011/hdfs_data/current/BP-492235575-198.202.116.200-1538177888566/tmp'
removed `/scratch/vsk4762/19359011/hdfs_data/current/BP-492235575-198.202.116.200-1538177888566/dncp_block_verification.log.prev'
removed directory: `/scratch/vsk4762/19359011/hdfs_data/current/BP-492235575-198.202.116.200-1538177888566'
removed `/scratch/vsk4762/19359011/hdfs_data/current/VERSION'
removed directory: `/scratch/vsk4762/19359011/hdfs_data/current'
removed directory: `/scratch/vsk4762/19359011/hdfs_data'
removed directory: `/scratch/vsk4762/19359011/pids'
removed `/scratch/vsk4762/19359011/logs/yarn-vsk4762-resourcemanager-comet-12-23.log'
removed `/scratch/vsk4762/19359011/logs/hadoop-vsk4762-secondarynamenode-comet-12-23.sdsc.edu.out'
removed `/scratch/vsk4762/19359011/logs/hadoop-vsk4762-namenode-comet-12-23.sdsc.edu.out'
removed `/scratch/vsk4762/19359011/logs/yarn-vsk4762-nodemanager-comet-12-23.sdsc.edu.log'
removed `/scratch/vsk4762/19359011/logs/hadoop-vsk4762-datanode-comet-12-23.sdsc.edu.out'
removed `/scratch/vsk4762/19359011/logs/userlogs/application_1538177906443_0001/container_1538177906443_0001_01_000002/stdout'
removed `/scratch/vsk4762/19359011/logs/userlogs/application_1538177906443_0001/container_1538177906443_0001_01_000002/syslog'
removed `/scratch/vsk4762/19359011/logs/userlogs/application_1538177906443_0001/container_1538177906443_0001_01_000002/stderr'
removed directory: `/scratch/vsk4762/19359011/logs/userlogs/application_1538177906443_0001/container_1538177906443_0001_01_000002'
removed `/scratch/vsk4762/19359011/logs/userlogs/application_1538177906443_0001/container_1538177906443_0001_01_000003/stderr'
removed `/scratch/vsk4762/19359011/logs/userlogs/application_1538177906443_0001/container_1538177906443_0001_01_000003/syslog'
removed `/scratch/vsk4762/19359011/logs/userlogs/application_1538177906443_0001/container_1538177906443_0001_01_000003/stdout'
removed directory: `/scratch/vsk4762/19359011/logs/userlogs/application_1538177906443_0001/container_1538177906443_0001_01_000003'
removed directory: `/scratch/vsk4762/19359011/logs/userlogs/application_1538177906443_0001'
removed directory: `/scratch/vsk4762/19359011/logs/userlogs'
removed `/scratch/vsk4762/19359011/logs/yarn-vsk4762-nodemanager-comet-12-23.sdsc.edu.out'
removed `/scratch/vsk4762/19359011/logs/hadoop-vsk4762-datanode-comet-12-23.sdsc.edu.log'
removed `/scratch/vsk4762/19359011/logs/SecurityAuth-vsk4762.audit'
removed `/scratch/vsk4762/19359011/logs/hadoop-vsk4762-namenode-comet-12-23.sdsc.edu.log'
removed `/scratch/vsk4762/19359011/logs/yarn-vsk4762-resourcemanager-comet-12-23.out'
removed `/scratch/vsk4762/19359011/logs/hadoop-vsk4762-secondarynamenode-comet-12-23.sdsc.edu.log'
removed directory: `/scratch/vsk4762/19359011/logs'
removed directory: `/scratch/vsk4762/19359011/mapred_scratch/usercache/vsk4762/appcache'
removed directory: `/scratch/vsk4762/19359011/mapred_scratch/usercache/vsk4762/filecache'
removed directory: `/scratch/vsk4762/19359011/mapred_scratch/usercache/vsk4762'
removed directory: `/scratch/vsk4762/19359011/mapred_scratch/usercache'
removed directory: `/scratch/vsk4762/19359011/mapred_scratch/nmPrivate'
removed `/scratch/vsk4762/19359011/mapred_scratch/filecache/10/centroids.txt'
removed `/scratch/vsk4762/19359011/mapred_scratch/filecache/10/.tmp_centroids.txt.crc'
removed directory: `/scratch/vsk4762/19359011/mapred_scratch/filecache/10'
removed directory: `/scratch/vsk4762/19359011/mapred_scratch/filecache'
removed directory: `/scratch/vsk4762/19359011/mapred_scratch'
removed directory: `/scratch/vsk4762/19359011/hdfs_data/current/BP-492235575-198.202.116.200-1538177888566/current/rbw'
removed `/scratch/vsk4762/19359011/hdfs_data/current/BP-492235575-198.202.116.200-1538177888566/current/finalized/subdir0/subdir0/blk_1073741834'
removed `/scratch/vsk4762/19359011/hdfs_data/current/BP-492235575-198.202.116.200-1538177888566/current/finalized/subdir0/subdir0/blk_1073741836_1012.meta'
removed `/scratch/vsk4762/19359011/hdfs_data/current/BP-492235575-198.202.116.200-1538177888566/current/finalized/subdir0/subdir0/blk_1073741833'
removed `/scratch/vsk4762/19359011/hdfs_data/current/BP-492235575-198.202.116.200-1538177888566/current/finalized/subdir0/subdir0/blk_1073741825_1001.meta'
removed `/scratch/vsk4762/19359011/hdfs_data/current/BP-492235575-198.202.116.200-1538177888566/current/finalized/subdir0/subdir0/blk_1073741835_1011.meta'
removed `/scratch/vsk4762/19359011/hdfs_data/current/BP-492235575-198.202.116.200-1538177888566/current/finalized/subdir0/subdir0/blk_1073741826'
removed `/scratch/vsk4762/19359011/hdfs_data/current/BP-492235575-198.202.116.200-1538177888566/current/finalized/subdir0/subdir0/blk_1073741833_1009.meta'
removed `/scratch/vsk4762/19359011/hdfs_data/current/BP-492235575-198.202.116.200-1538177888566/current/finalized/subdir0/subdir0/blk_1073741835'
removed `/scratch/vsk4762/19359011/hdfs_data/current/BP-492235575-198.202.116.200-1538177888566/current/finalized/subdir0/subdir0/blk_1073741825'
removed `/scratch/vsk4762/19359011/hdfs_data/current/BP-492235575-198.202.116.200-1538177888566/current/finalized/subdir0/subdir0/blk_1073741826_1002.meta'
removed `/scratch/vsk4762/19359011/hdfs_data/current/BP-492235575-198.202.116.200-1538177888566/current/finalized/subdir0/subdir0/blk_1073741836'
removed `/scratch/vsk4762/19359011/hdfs_data/current/BP-492235575-198.202.116.200-1538177888566/current/finalized/subdir0/subdir0/blk_1073741834_1010.meta'
removed directory: `/scratch/vsk4762/19359011/hdfs_data/current/BP-492235575-198.202.116.200-1538177888566/current/finalized/subdir0/subdir0'
removed directory: `/scratch/vsk4762/19359011/hdfs_data/current/BP-492235575-198.202.116.200-1538177888566/current/finalized/subdir0'
removed directory: `/scratch/vsk4762/19359011/hdfs_data/current/BP-492235575-198.202.116.200-1538177888566/current/finalized'
removed `/scratch/vsk4762/19359011/hdfs_data/current/BP-492235575-198.202.116.200-1538177888566/current/dfsUsed'
removed `/scratch/vsk4762/19359011/hdfs_data/current/BP-492235575-198.202.116.200-1538177888566/current/VERSION'
removed directory: `/scratch/vsk4762/19359011/hdfs_data/current/BP-492235575-198.202.116.200-1538177888566/current'
removed `/scratch/vsk4762/19359011/hdfs_data/current/BP-492235575-198.202.116.200-1538177888566/dncp_block_verification.log.curr'
removed directory: `/scratch/vsk4762/19359011/hdfs_data/current/BP-492235575-198.202.116.200-1538177888566/tmp'
removed `/scratch/vsk4762/19359011/hdfs_data/current/BP-492235575-198.202.116.200-1538177888566/dncp_block_verification.log.prev'
removed directory: `/scratch/vsk4762/19359011/hdfs_data/current/BP-492235575-198.202.116.200-1538177888566'
removed `/scratch/vsk4762/19359011/hdfs_data/current/VERSION'
removed directory: `/scratch/vsk4762/19359011/hdfs_data/current'
removed directory: `/scratch/vsk4762/19359011/hdfs_data'
removed directory: `/scratch/vsk4762/19359011/pids'
removed `/scratch/vsk4762/19359011/logs/yarn-vsk4762-nodemanager-comet-12-24.sdsc.edu.log'
removed `/scratch/vsk4762/19359011/logs/userlogs/application_1538177906443_0001/container_1538177906443_0001_01_000001/stderr'
removed `/scratch/vsk4762/19359011/logs/userlogs/application_1538177906443_0001/container_1538177906443_0001_01_000001/syslog'
removed `/scratch/vsk4762/19359011/logs/userlogs/application_1538177906443_0001/container_1538177906443_0001_01_000001/stdout'
removed directory: `/scratch/vsk4762/19359011/logs/userlogs/application_1538177906443_0001/container_1538177906443_0001_01_000001'
removed directory: `/scratch/vsk4762/19359011/logs/userlogs/application_1538177906443_0001'
removed directory: `/scratch/vsk4762/19359011/logs/userlogs'
removed `/scratch/vsk4762/19359011/logs/hadoop-vsk4762-datanode-comet-12-24.sdsc.edu.out'
removed `/scratch/vsk4762/19359011/logs/SecurityAuth-vsk4762.audit'
removed `/scratch/vsk4762/19359011/logs/hadoop-vsk4762-datanode-comet-12-24.sdsc.edu.log'
removed `/scratch/vsk4762/19359011/logs/yarn-vsk4762-nodemanager-comet-12-24.sdsc.edu.out'
removed directory: `/scratch/vsk4762/19359011/logs'
removed directory: `/scratch/vsk4762/19359011/mapred_scratch/usercache'
removed directory: `/scratch/vsk4762/19359011/mapred_scratch/nmPrivate'
removed directory: `/scratch/vsk4762/19359011/mapred_scratch/filecache'
removed directory: `/scratch/vsk4762/19359011/mapred_scratch'
removed `/scratch/vsk4762/19359011/hdfs_data/current/VERSION'
removed `/scratch/vsk4762/19359011/hdfs_data/current/BP-492235575-198.202.116.200-1538177888566/current/finalized/subdir0/subdir0/blk_1073741833_1009.meta'
removed `/scratch/vsk4762/19359011/hdfs_data/current/BP-492235575-198.202.116.200-1538177888566/current/finalized/subdir0/subdir0/blk_1073741835_1011.meta'
removed `/scratch/vsk4762/19359011/hdfs_data/current/BP-492235575-198.202.116.200-1538177888566/current/finalized/subdir0/subdir0/blk_1073741836'
removed `/scratch/vsk4762/19359011/hdfs_data/current/BP-492235575-198.202.116.200-1538177888566/current/finalized/subdir0/subdir0/blk_1073741825'
removed `/scratch/vsk4762/19359011/hdfs_data/current/BP-492235575-198.202.116.200-1538177888566/current/finalized/subdir0/subdir0/blk_1073741834_1010.meta'
removed `/scratch/vsk4762/19359011/hdfs_data/current/BP-492235575-198.202.116.200-1538177888566/current/finalized/subdir0/subdir0/blk_1073741826_1002.meta'
removed `/scratch/vsk4762/19359011/hdfs_data/current/BP-492235575-198.202.116.200-1538177888566/current/finalized/subdir0/subdir0/blk_1073741835'
removed `/scratch/vsk4762/19359011/hdfs_data/current/BP-492235575-198.202.116.200-1538177888566/current/finalized/subdir0/subdir0/blk_1073741826'
removed `/scratch/vsk4762/19359011/hdfs_data/current/BP-492235575-198.202.116.200-1538177888566/current/finalized/subdir0/subdir0/blk_1073741836_1012.meta'
removed `/scratch/vsk4762/19359011/hdfs_data/current/BP-492235575-198.202.116.200-1538177888566/current/finalized/subdir0/subdir0/blk_1073741834'
removed `/scratch/vsk4762/19359011/hdfs_data/current/BP-492235575-198.202.116.200-1538177888566/current/finalized/subdir0/subdir0/blk_1073741833'
removed `/scratch/vsk4762/19359011/hdfs_data/current/BP-492235575-198.202.116.200-1538177888566/current/finalized/subdir0/subdir0/blk_1073741825_1001.meta'
removed directory: `/scratch/vsk4762/19359011/hdfs_data/current/BP-492235575-198.202.116.200-1538177888566/current/finalized/subdir0/subdir0'
removed directory: `/scratch/vsk4762/19359011/hdfs_data/current/BP-492235575-198.202.116.200-1538177888566/current/finalized/subdir0'
removed directory: `/scratch/vsk4762/19359011/hdfs_data/current/BP-492235575-198.202.116.200-1538177888566/current/finalized'
removed directory: `/scratch/vsk4762/19359011/hdfs_data/current/BP-492235575-198.202.116.200-1538177888566/current/rbw'
removed `/scratch/vsk4762/19359011/hdfs_data/current/BP-492235575-198.202.116.200-1538177888566/current/dfsUsed'
removed `/scratch/vsk4762/19359011/hdfs_data/current/BP-492235575-198.202.116.200-1538177888566/current/VERSION'
removed directory: `/scratch/vsk4762/19359011/hdfs_data/current/BP-492235575-198.202.116.200-1538177888566/current'
removed `/scratch/vsk4762/19359011/hdfs_data/current/BP-492235575-198.202.116.200-1538177888566/dncp_block_verification.log.curr'
removed `/scratch/vsk4762/19359011/hdfs_data/current/BP-492235575-198.202.116.200-1538177888566/dncp_block_verification.log.prev'
removed directory: `/scratch/vsk4762/19359011/hdfs_data/current/BP-492235575-198.202.116.200-1538177888566/tmp'
removed directory: `/scratch/vsk4762/19359011/hdfs_data/current/BP-492235575-198.202.116.200-1538177888566'
removed directory: `/scratch/vsk4762/19359011/hdfs_data/current'
removed directory: `/scratch/vsk4762/19359011/hdfs_data'
removed directory: `/scratch/vsk4762/19359011/pids'
removed `/scratch/vsk4762/19359011/logs/hadoop-vsk4762-datanode-comet-12-25.sdsc.edu.log'
removed `/scratch/vsk4762/19359011/logs/yarn-vsk4762-nodemanager-comet-12-25.sdsc.edu.log'
removed `/scratch/vsk4762/19359011/logs/hadoop-vsk4762-datanode-comet-12-25.sdsc.edu.out'
removed `/scratch/vsk4762/19359011/logs/yarn-vsk4762-nodemanager-comet-12-25.sdsc.edu.out'
removed `/scratch/vsk4762/19359011/logs/SecurityAuth-vsk4762.audit'
removed directory: `/scratch/vsk4762/19359011/logs/userlogs'
removed directory: `/scratch/vsk4762/19359011/logs'
removed directory: `/tmp/Jetty_comet.12.23_ibnet_50090_secondary____.3icpfb/.active'
removed directory: `/tmp/Jetty_comet.12.23_ibnet_50090_secondary____.3icpfb/jsp'
removed directory: `/tmp/Jetty_comet.12.23_ibnet_50090_secondary____.3icpfb'
removed directory: `/tmp/Jetty_0_0_0_0_50075_datanode____hwtdwq_1305221106395438644/.active'
removed directory: `/tmp/Jetty_0_0_0_0_50075_datanode____hwtdwq_1305221106395438644/jsp'
removed directory: `/tmp/Jetty_0_0_0_0_50075_datanode____hwtdwq_1305221106395438644'
removed directory: `/tmp/Jetty_0_0_0_0_50070_hdfs____w2cu08/.active'
removed directory: `/tmp/Jetty_0_0_0_0_50070_hdfs____w2cu08/jsp'
removed directory: `/tmp/Jetty_0_0_0_0_50070_hdfs____w2cu08'
